Log file open, 02/15/22 18:43:31
LogWindows: Failed to load 'aqProf.dll' (GetLastError=126)
LogWindows: File 'aqProf.dll' does not exist
LogWindows: Failed to load 'VtuneApi.dll' (GetLastError=126)
LogWindows: File 'VtuneApi.dll' does not exist
LogWindows: Failed to load 'VtuneApi32e.dll' (GetLastError=126)
LogWindows: File 'VtuneApi32e.dll' does not exist
LogConsoleResponse: Display: Failed to find resolution value strings in scalability ini. Falling back to default.
LogConsoleResponse: Display: Failed to find resolution value strings in scalability ini. Falling back to default.
LogInit: Display: Running engine for game: AIKythera_Showcase
LogPlatformFile: Not using cached read wrapper
LogTaskGraph: Started task graph with 5 named threads and 35 total threads with 3 sets of task threads.
LogStats: Stats thread started at 0.277455
LogICUInternationalization: ICU TimeZone Detection - Raw Offset: +0:00, Platform Override: ''
LogInit: Display: Loading text-based GConfig....
LogPluginManager: Mounting plugin MeshPainting
LogPluginManager: Mounting plugin XGEController
LogPluginManager: Mounting plugin Paper2D
LogPluginManager: Mounting plugin AISupport
LogPluginManager: Mounting plugin EnvironmentQueryEditor
LogPluginManager: Mounting plugin LightPropagationVolume
LogPluginManager: Mounting plugin LiveLink
LogPluginManager: Mounting plugin CameraShakePreviewer
LogPluginManager: Mounting plugin GameplayCameras
LogPluginManager: Mounting plugin OodleNetwork
LogPluginManager: Mounting plugin CodeLiteSourceCodeAccess
LogPluginManager: Mounting plugin OodleData
LogPluginManager: Mounting plugin CLionSourceCodeAccess
LogPluginManager: Mounting plugin AnimationSharing
LogPluginManager: Mounting plugin GitSourceControl
LogPluginManager: Mounting plugin KDevelopSourceCodeAccess
LogPluginManager: Mounting plugin NullSourceCodeAccess
LogPluginManager: Mounting plugin PixWinPlugin
LogPluginManager: Mounting plugin AssetManagerEditor
LogPluginManager: Mounting plugin PlasticSourceControl
LogPluginManager: Mounting plugin PluginUtils
LogPluginManager: Mounting plugin PropertyAccessNode
LogPluginManager: Mounting plugin PerforceSourceControl
LogPluginManager: Mounting plugin RiderSourceCodeAccess
LogPluginManager: Mounting plugin TextureFormatOodle
LogPluginManager: Mounting plugin SubversionSourceControl
LogPluginManager: Mounting plugin UObjectPlugin
LogPluginManager: Mounting plugin DatasmithContent
LogPluginManager: Mounting plugin VisualStudioCodeSourceCodeAccess
LogPluginManager: Mounting plugin CurveEditorTools
LogPluginManager: Mounting plugin CryptoKeys
LogPluginManager: Mounting plugin DataValidation
LogPluginManager: Mounting plugin VisualStudioSourceCodeAccess
LogPluginManager: Mounting plugin FacialAnimation
LogPluginManager: Mounting plugin XCodeSourceCodeAccess
LogPluginManager: Mounting plugin VariantManagerContent
LogPluginManager: Mounting plugin MacGraphicsSwitching
LogPluginManager: Mounting plugin GameplayTagsEditor
LogPluginManager: Mounting plugin GeometryMode
LogPluginManager: Mounting plugin MaterialAnalyzer
LogPluginManager: Mounting plugin MobileLauncherProfileWizard
LogPluginManager: Mounting plugin PluginBrowser
LogPluginManager: Mounting plugin SpeedTreeImporter
LogPluginManager: Mounting plugin AlembicImporter
LogPluginManager: Mounting plugin BackChannel
LogPluginManager: Mounting plugin AutomationUtils
LogPluginManager: Mounting plugin ChaosEditor
LogPluginManager: Mounting plugin ChaosSolverPlugin
LogPluginManager: Mounting plugin ChaosNiagara
LogPluginManager: Mounting plugin CharacterAI
LogPluginManager: Mounting plugin ChaosClothEditor
LogPluginManager: Mounting plugin GeometryCache
LogPluginManager: Mounting plugin ChaosCloth
LogPluginManager: Mounting plugin GeometryCollectionPlugin
LogPluginManager: Mounting plugin GeometryProcessing
LogPluginManager: Mounting plugin LuminPlatformFeatures
LogPluginManager: Mounting plugin MagicLeap
LogPluginManager: Mounting plugin MotoSynth
LogPluginManager: Mounting plugin OpenImageDenoise
LogPluginManager: Mounting plugin PlanarCut
LogPluginManager: Mounting plugin MagicLeapLightEstimation
LogPluginManager: Mounting plugin PlatformCrypto
LogPluginManager: Mounting plugin ProxyLODPlugin
LogPluginManager: Mounting plugin MagicLeapMedia
LogPluginManager: Mounting plugin PythonScriptPlugin
LogPluginManager: Mounting plugin MagicLeapPassableWorld
LogPluginManager: Mounting plugin MLSDK
LogPluginManager: Mounting plugin AndroidMedia
LogPluginManager: Mounting plugin AvfMedia
LogPluginManager: Mounting plugin ImgMedia
LogPluginManager: Mounting plugin MediaCompositing
LogPluginManager: Mounting plugin MediaPlayerEditor
LogPluginManager: Mounting plugin WebMMedia
LogPluginManager: Mounting plugin WmfMedia
LogPluginManager: Mounting plugin ActorSequence
LogPluginManager: Mounting plugin MatineeToLevelSequence
LogPluginManager: Mounting plugin LevelSequenceEditor
LogPluginManager: Mounting plugin TemplateSequence
LogPluginManager: Mounting plugin SkeletalReduction
LogPluginManager: Mounting plugin TcpMessaging
LogPluginManager: Mounting plugin UdpMessaging
LogPluginManager: Mounting plugin OnlineSubsystem
LogPluginManager: Mounting plugin OnlineSubsystemNull
LogPluginManager: Mounting plugin OnlineSubsystemUtils
LogPluginManager: Mounting plugin AndroidDeviceProfileSelector
LogPluginManager: Mounting plugin ActorLayerUtilities
LogPluginManager: Mounting plugin LauncherChunkInstaller
LogPluginManager: Mounting plugin AndroidMoviePlayer
LogPluginManager: Mounting plugin AndroidPermission
LogPluginManager: Mounting plugin AppleImageUtils
LogPluginManager: Mounting plugin AppleMoviePlayer
LogPluginManager: Mounting plugin AudioCapture
LogPluginManager: Mounting plugin AssetTags
LogPluginManager: Mounting plugin AudioSynesthesia
LogPluginManager: Mounting plugin ChunkDownloader
LogPluginManager: Mounting plugin ArchVisCharacter
LogPluginManager: Mounting plugin CableComponent
LogPluginManager: Mounting plugin CustomMeshComponent
LogPluginManager: Mounting plugin EditableMesh
LogPluginManager: Mounting plugin ExampleDeviceProfileSelector
LogPluginManager: Mounting plugin ScreenshotTools
LogPluginManager: Mounting plugin GoogleCloudMessaging
LogPluginManager: Mounting plugin GooglePAD
LogPluginManager: Mounting plugin IOSDeviceProfileSelector
LogPluginManager: Mounting plugin LinuxDeviceProfileSelector
LogPluginManager: Mounting plugin LocationServicesBPLibrary
LogPluginManager: Mounting plugin Takes
LogPluginManager: Mounting plugin MobilePatchingUtils
LogPluginManager: Mounting plugin OpenXR
LogPluginManager: Mounting plugin OpenXREyeTracker
LogPluginManager: Mounting plugin OpenXRHandTracking
LogPluginManager: Mounting plugin PhysXVehicles
LogPluginManager: Mounting plugin PostSplashScreen
LogPluginManager: Mounting plugin ProceduralMeshComponent
LogPluginManager: Mounting plugin PropertyAccessEditor
LogPluginManager: Mounting plugin RuntimePhysXCooking
LogPluginManager: Mounting plugin SignificanceManager
LogPluginManager: Mounting plugin SoundFields
LogPluginManager: Mounting plugin Synthesis
LogPluginManager: Mounting plugin WebMMoviePlayer
LogPluginManager: Mounting plugin WindowsMoviePlayer
LogPluginManager: Mounting plugin Niagara
LogPluginManager: Mounting plugin ContentBrowserAssetDataSource
LogPluginManager: Mounting plugin ContentBrowserClassDataSource
LogPluginManager: Mounting plugin ContentBrowserFileDataSource
LogPluginManager: Mounting plugin OnlineSubsystemGooglePlay
LogPluginManager: Mounting plugin OnlineSubsystemIOS
LogPluginManager: Mounting plugin OculusVR
LogPluginManager: Mounting plugin SteamVR
PixWinPlugin: PIX capture plugin failed to initialize! Check that the process is launched from PIX.
LogLuminAPIImpl: Warning: MLSDK not found.  This likely means the MLSDK environment variable is not set.
LogInit: Using libcurl 7.55.1-DEV
LogInit:  - built for x86_64-pc-win32
LogInit:  - supports SSL with OpenSSL/1.1.1
LogInit:  - supports HTTP deflate (compression) using libz 1.2.8
LogInit:  - other features:
LogInit:      CURL_VERSION_SSL
LogInit:      CURL_VERSION_LIBZ
LogInit:      CURL_VERSION_IPV6
LogInit:      CURL_VERSION_ASYNCHDNS
LogInit:      CURL_VERSION_LARGEFILE
LogInit:      CURL_VERSION_IDN
LogInit:  CurlRequestOptions (configurable via config and command line):
LogInit:  - bVerifyPeer = true  - Libcurl will verify peer certificate
LogInit:  - bUseHttpProxy = false  - Libcurl will NOT use HTTP proxy
LogInit:  - bDontReuseConnections = false  - Libcurl will reuse connections
LogInit:  - MaxHostConnections = 16  - Libcurl will limit the number of connections to a host
LogInit:  - LocalHostAddr = Default
LogInit:  - BufferSize = 65536
LogOnline: OSS: Creating online subsystem instance for: NULL
LogInit: WinSock: version 1.1 (2.2), MaxSocks=32767, MaxUdp=65467
LogOnline: OSS: TryLoadSubsystemAndSetDefault: Loaded subsystem for module [NULL]
LogOculusPluginWrapper: OculusPlugin initialized successfully
LogHMD: Failed initializing OVRPlugin 1.59.0
LogInit: Build: ++UE4+Release-4.27-CL-18319896
LogInit: Engine Version: 4.27.2-18319896+++UE4+Release-4.27
LogInit: Compatible Engine Version: 4.27.0-17155196+++UE4+Release-4.27
LogInit: Net CL: 17155196
LogInit: OS: Windows 10 (Release 2009) (), CPU: Intel(R) Core(TM) i7-9750H CPU @ 2.60GHz, GPU: Intel(R) UHD Graphics 630
LogInit: Compiled (64-bit): Nov 30 2021 07:12:08
LogInit: Compiled with Visual C++: 19.24.28315.00
LogInit: Build Configuration: Development
LogInit: Branch Name: ++UE4+Release-4.27
LogInit: Command Line:  -EpicPortal -epicusername=FMGameDev -epicuserid=1126410e0e7541d9ba194d2122114512 -epiclocale=en -epicsandboxid=ue
LogInit: Base Directory: C:/Program Files/Epic Games/UE_4.27/Engine/Binaries/Win64/
LogInit: Allocator: TBB
LogInit: Installed Engine Build: 1
LogDevObjectVersion: Number of dev versions registered: 29
LogDevObjectVersion:   Dev-Blueprints (B0D832E4-1F89-4F0D-ACCF-7EB736FD4AA2): 10
LogDevObjectVersion:   Dev-Build (E1C64328-A22C-4D53-A36C-8E866417BD8C): 0
LogDevObjectVersion:   Dev-Core (375EC13C-06E4-48FB-B500-84F0262A717E): 4
LogDevObjectVersion:   Dev-Editor (E4B068ED-F494-42E9-A231-DA0B2E46BB41): 40
LogDevObjectVersion:   Dev-Framework (CFFC743F-43B0-4480-9391-14DF171D2073): 37
LogDevObjectVersion:   Dev-Mobile (B02B49B5-BB20-44E9-A304-32B752E40360): 3
LogDevObjectVersion:   Dev-Networking (A4E4105C-59A1-49B5-A7C5-40C4547EDFEE): 0
LogDevObjectVersion:   Dev-Online (39C831C9-5AE6-47DC-9A44-9C173E1C8E7C): 0
LogDevObjectVersion:   Dev-Physics (78F01B33-EBEA-4F98-B9B4-84EACCB95AA2): 14
LogDevObjectVersion:   Dev-Platform (6631380F-2D4D-43E0-8009-CF276956A95A): 0
LogDevObjectVersion:   Dev-Rendering (12F88B9F-8875-4AFC-A67C-D90C383ABD29): 45
LogDevObjectVersion:   Dev-Sequencer (7B5AE74C-D270-4C10-A958-57980B212A5A): 13
LogDevObjectVersion:   Dev-VR (D7296918-1DD6-4BDD-9DE2-64A83CC13884): 3
LogDevObjectVersion:   Dev-LoadTimes (C2A15278-BFE7-4AFE-6C17-90FF531DF755): 1
LogDevObjectVersion:   Private-Geometry (6EACA3D4-40EC-4CC1-B786-8BED09428FC5): 3
LogDevObjectVersion:   Dev-AnimPhys (29E575DD-E0A3-4627-9D10-D276232CDCEA): 17
LogDevObjectVersion:   Dev-Anim (AF43A65D-7FD3-4947-9873-3E8ED9C1BB05): 15
LogDevObjectVersion:   Dev-ReflectionCapture (6B266CEC-1EC7-4B8F-A30B-E4D90942FC07): 1
LogDevObjectVersion:   Dev-Automation (0DF73D61-A23F-47EA-B727-89E90C41499A): 1
LogDevObjectVersion:   FortniteMain (601D1886-AC64-4F84-AA16-D3DE0DEAC7D6): 47
LogDevObjectVersion:   FortniteRelease (E7086368-6B23-4C58-8439-1B7016265E91): 1
LogDevObjectVersion:   Dev-Enterprise (9DFFBCD6-494F-0158-E221-12823C92A888): 10
LogDevObjectVersion:   Dev-Niagara (F2AED0AC-9AFE-416F-8664-AA7FFA26D6FC): 1
LogDevObjectVersion:   Dev-Destruction (174F1F0B-B4C6-45A5-B13F-2EE8D0FB917D): 10
LogDevObjectVersion:   Dev-Physics-Ext (35F94A83-E258-406C-A318-09F59610247C): 41
LogDevObjectVersion:   Dev-PhysicsMaterial-Chaos (B68FC16E-8B1B-42E2-B453-215C058844FE): 1
LogDevObjectVersion:   Dev-CineCamera (B2E18506-4273-CFC2-A54E-F4BB758BBA07): 1
LogDevObjectVersion:   Dev-VirtualProduction (64F58936-FD1B-42BA-BA96-7289D5D0FA4E): 1
LogDevObjectVersion:   Dev-MediaFramework (6F0ED827-A609-4895-9C91-998D90180EA4): 2
LogInit: Presizing for max 25165824 objects, including 0 objects not considered by GC, pre-allocating 0 bytes for permanent pool.
LogConfig: Applying CVar settings from Section [/Script/Engine.StreamingSettings] File [C:/Users/FMGameDev/GitHub/CGT/DES310/SeagullStudios_AIKythera_Showcase/AIKythera_Showcase/Saved/Config/Windows/Engine.ini]
LogConfig: Setting CVar [[s.MinBulkDataSizeForAsyncLoading:131072]]
LogConfig: Setting CVar [[s.AsyncLoadingThreadEnabled:0]]
LogConfig: Setting CVar [[s.EventDrivenLoaderEnabled:1]]
LogConfig: Setting CVar [[s.WarnIfTimeLimitExceeded:0]]
LogConfig: Setting CVar [[s.TimeLimitExceededMultiplier:1.5]]
LogConfig: Setting CVar [[s.TimeLimitExceededMinTime:0.005]]
LogConfig: Setting CVar [[s.UseBackgroundLevelStreaming:1]]
LogConfig: Setting CVar [[s.PriorityAsyncLoadingExtraTime:15.0]]
LogConfig: Setting CVar [[s.LevelStreamingActorsUpdateTimeLimit:5.0]]
LogConfig: Setting CVar [[s.PriorityLevelStreamingActorsUpdateExtraTime:5.0]]
LogConfig: Setting CVar [[s.LevelStreamingComponentsRegistrationGranularity:10]]
LogConfig: Setting CVar [[s.UnregisterComponentsTimeLimit:1.0]]
LogConfig: Setting CVar [[s.LevelStreamingComponentsUnregistrationGranularity:5]]
LogConfig: Setting CVar [[s.FlushStreamingOnExit:1]]
LogInit: Object subsystem initialized
LogConfig: Setting CVar [[con.DebugEarlyDefault:1]]
LogConfig: Setting CVar [[r.setres:1280x720]]
[2022.02.15-18.43.32:192][  0]LogConfig: Setting CVar [[r.VSync:0]]
[2022.02.15-18.43.32:192][  0]LogConfig: Setting CVar [[r.RHICmdBypass:0]]
[2022.02.15-18.43.32:192][  0]LogConfig: Applying CVar settings from Section [/Script/Engine.RendererSettings] File [C:/Users/FMGameDev/GitHub/CGT/DES310/SeagullStudios_AIKythera_Showcase/AIKythera_Showcase/Saved/Config/Windows/Engine.ini]
[2022.02.15-18.43.32:192][  0]LogConfig: Setting CVar [[r.GPUCrashDebugging:0]]
[2022.02.15-18.43.32:192][  0]LogConfig: Setting CVar [[r.SkinCache.CompileShaders:1]]
[2022.02.15-18.43.32:192][  0]LogConfig: Setting CVar [[r.RayTracing:1]]
[2022.02.15-18.43.32:192][  0]LogConfig: Applying CVar settings from Section [/Script/Engine.RendererOverrideSettings] File [C:/Users/FMGameDev/GitHub/CGT/DES310/SeagullStudios_AIKythera_Showcase/AIKythera_Showcase/Saved/Config/Windows/Engine.ini]
[2022.02.15-18.43.32:192][  0]LogConfig: Applying CVar settings from Section [/Script/Engine.StreamingSettings] File [C:/Users/FMGameDev/GitHub/CGT/DES310/SeagullStudios_AIKythera_Showcase/AIKythera_Showcase/Saved/Config/Windows/Engine.ini]
[2022.02.15-18.43.32:192][  0]LogConfig: Setting CVar [[s.MinBulkDataSizeForAsyncLoading:131072]]
[2022.02.15-18.43.32:192][  0]LogConfig: Setting CVar [[s.AsyncLoadingThreadEnabled:0]]
[2022.02.15-18.43.32:192][  0]LogConfig: Setting CVar [[s.EventDrivenLoaderEnabled:1]]
[2022.02.15-18.43.32:192][  0]LogConfig: Setting CVar [[s.WarnIfTimeLimitExceeded:0]]
[2022.02.15-18.43.32:192][  0]LogConfig: Setting CVar [[s.TimeLimitExceededMultiplier:1.5]]
[2022.02.15-18.43.32:192][  0]LogConfig: Setting CVar [[s.TimeLimitExceededMinTime:0.005]]
[2022.02.15-18.43.32:192][  0]LogConfig: Setting CVar [[s.UseBackgroundLevelStreaming:1]]
[2022.02.15-18.43.32:192][  0]LogConfig: Setting CVar [[s.PriorityAsyncLoadingExtraTime:15.0]]
[2022.02.15-18.43.32:192][  0]LogConfig: Setting CVar [[s.LevelStreamingActorsUpdateTimeLimit:5.0]]
[2022.02.15-18.43.32:192][  0]LogConfig: Setting CVar [[s.PriorityLevelStreamingActorsUpdateExtraTime:5.0]]
[2022.02.15-18.43.32:192][  0]LogConfig: Setting CVar [[s.LevelStreamingComponentsRegistrationGranularity:10]]
[2022.02.15-18.43.32:192][  0]LogConfig: Setting CVar [[s.UnregisterComponentsTimeLimit:1.0]]
[2022.02.15-18.43.32:193][  0]LogConfig: Setting CVar [[s.LevelStreamingComponentsUnregistrationGranularity:5]]
[2022.02.15-18.43.32:193][  0]LogConfig: Setting CVar [[s.FlushStreamingOnExit:1]]
[2022.02.15-18.43.32:193][  0]LogConfig: Applying CVar settings from Section [/Script/Engine.GarbageCollectionSettings] File [C:/Users/FMGameDev/GitHub/CGT/DES310/SeagullStudios_AIKythera_Showcase/AIKythera_Showcase/Saved/Config/Windows/Engine.ini]
[2022.02.15-18.43.32:193][  0]LogConfig: Setting CVar [[gc.MaxObjectsNotConsideredByGC:1]]
[2022.02.15-18.43.32:193][  0]LogConfig: Setting CVar [[gc.SizeOfPermanentObjectPool:0]]
[2022.02.15-18.43.32:193][  0]LogConfig: Setting CVar [[gc.FlushStreamingOnGC:0]]
[2022.02.15-18.43.32:193][  0]LogConfig: Setting CVar [[gc.NumRetriesBeforeForcingGC:10]]
[2022.02.15-18.43.32:193][  0]LogConfig: Setting CVar [[gc.AllowParallelGC:1]]
[2022.02.15-18.43.32:193][  0]LogConfig: Setting CVar [[gc.TimeBetweenPurgingPendingKillObjects:61.1]]
[2022.02.15-18.43.32:193][  0]LogConfig: Setting CVar [[gc.MaxObjectsInEditor:25165824]]
[2022.02.15-18.43.32:193][  0]LogConfig: Setting CVar [[gc.IncrementalBeginDestroyEnabled:1]]
[2022.02.15-18.43.32:193][  0]LogConfig: Setting CVar [[gc.CreateGCClusters:1]]
[2022.02.15-18.43.32:193][  0]LogConfig: Setting CVar [[gc.MinGCClusterSize:5]]
[2022.02.15-18.43.32:193][  0]LogConfig: Setting CVar [[gc.ActorClusteringEnabled:0]]
[2022.02.15-18.43.32:193][  0]LogConfig: Setting CVar [[gc.BlueprintClusteringEnabled:0]]
[2022.02.15-18.43.32:193][  0]LogConfig: Setting CVar [[gc.UseDisregardForGCOnDedicatedServers:0]]
[2022.02.15-18.43.32:193][  0]LogConfig: Setting CVar [[gc.MultithreadedDestructionEnabled:1]]
[2022.02.15-18.43.32:193][  0]LogConfig: Applying CVar settings from Section [/Script/Engine.NetworkSettings] File [C:/Users/FMGameDev/GitHub/CGT/DES310/SeagullStudios_AIKythera_Showcase/AIKythera_Showcase/Saved/Config/Windows/Engine.ini]
[2022.02.15-18.43.32:193][  0]LogConfig: Applying CVar settings from Section [/Script/UnrealEd.CookerSettings] File [C:/Users/FMGameDev/GitHub/CGT/DES310/SeagullStudios_AIKythera_Showcase/AIKythera_Showcase/Saved/Config/Windows/Engine.ini]
[2022.02.15-18.43.32:254][  0]LogConfig: Applying CVar settings from Section [ViewDistanceQuality@3] File [C:/Users/FMGameDev/GitHub/CGT/DES310/SeagullStudios_AIKythera_Showcase/AIKythera_Showcase/Saved/Config/Windows/Scalability.ini]
[2022.02.15-18.43.32:254][  0]LogConfig: Setting CVar [[r.SkeletalMeshLODBias:0]]
[2022.02.15-18.43.32:254][  0]LogConfig: Setting CVar [[r.ViewDistanceScale:1.0]]
[2022.02.15-18.43.32:254][  0]LogConfig: Applying CVar settings from Section [AntiAliasingQuality@3] File [C:/Users/FMGameDev/GitHub/CGT/DES310/SeagullStudios_AIKythera_Showcase/AIKythera_Showcase/Saved/Config/Windows/Scalability.ini]
[2022.02.15-18.43.32:254][  0]LogConfig: Setting CVar [[r.PostProcessAAQuality:4]]
[2022.02.15-18.43.32:254][  0]LogConfig: Applying CVar settings from Section [ShadowQuality@3] File [C:/Users/FMGameDev/GitHub/CGT/DES310/SeagullStudios_AIKythera_Showcase/AIKythera_Showcase/Saved/Config/Windows/Scalability.ini]
[2022.02.15-18.43.32:254][  0]LogConfig: Setting CVar [[r.LightFunctionQuality:1]]
[2022.02.15-18.43.32:254][  0]LogConfig: Setting CVar [[r.ShadowQuality:5]]
[2022.02.15-18.43.32:254][  0]LogConfig: Setting CVar [[r.Shadow.CSM.MaxCascades:10]]
[2022.02.15-18.43.32:254][  0]LogConfig: Setting CVar [[r.Shadow.MaxResolution:2048]]
[2022.02.15-18.43.32:254][  0]LogConfig: Setting CVar [[r.Shadow.MaxCSMResolution:2048]]
[2022.02.15-18.43.32:254][  0]LogConfig: Setting CVar [[r.Shadow.RadiusThreshold:0.01]]
[2022.02.15-18.43.32:254][  0]LogConfig: Setting CVar [[r.Shadow.DistanceScale:1.0]]
[2022.02.15-18.43.32:254][  0]LogConfig: Setting CVar [[r.Shadow.CSM.TransitionScale:1.0]]
[2022.02.15-18.43.32:254][  0]LogConfig: Setting CVar [[r.Shadow.PreShadowResolutionFactor:1.0]]
[2022.02.15-18.43.32:254][  0]LogConfig: Setting CVar [[r.DistanceFieldShadowing:1]]
[2022.02.15-18.43.32:255][  0]LogConfig: Setting CVar [[r.DistanceFieldAO:1]]
[2022.02.15-18.43.32:255][  0]LogConfig: Setting CVar [[r.AOQuality:2]]
[2022.02.15-18.43.32:255][  0]LogConfig: Setting CVar [[r.VolumetricFog:1]]
[2022.02.15-18.43.32:255][  0]LogConfig: Setting CVar [[r.VolumetricFog.GridPixelSize:8]]
[2022.02.15-18.43.32:255][  0]LogConfig: Setting CVar [[r.VolumetricFog.GridSizeZ:128]]
[2022.02.15-18.43.32:255][  0]LogConfig: Setting CVar [[r.VolumetricFog.HistoryMissSupersampleCount:4]]
[2022.02.15-18.43.32:255][  0]LogConfig: Setting CVar [[r.LightMaxDrawDistanceScale:1]]
[2022.02.15-18.43.32:255][  0]LogConfig: Setting CVar [[r.CapsuleShadows:1]]
[2022.02.15-18.43.32:255][  0]LogConfig: Applying CVar settings from Section [PostProcessQuality@3] File [C:/Users/FMGameDev/GitHub/CGT/DES310/SeagullStudios_AIKythera_Showcase/AIKythera_Showcase/Saved/Config/Windows/Scalability.ini]
[2022.02.15-18.43.32:255][  0]LogConfig: Setting CVar [[r.MotionBlurQuality:4]]
[2022.02.15-18.43.32:255][  0]LogConfig: Setting CVar [[r.AmbientOcclusionMipLevelFactor:0.4]]
[2022.02.15-18.43.32:255][  0]LogConfig: Setting CVar [[r.AmbientOcclusionMaxQuality:100]]
[2022.02.15-18.43.32:255][  0]LogConfig: Setting CVar [[r.AmbientOcclusionLevels:-1]]
[2022.02.15-18.43.32:255][  0]LogConfig: Setting CVar [[r.AmbientOcclusionRadiusScale:1.0]]
[2022.02.15-18.43.32:255][  0]LogConfig: Setting CVar [[r.DepthOfFieldQuality:2]]
[2022.02.15-18.43.32:255][  0]LogConfig: Setting CVar [[r.RenderTargetPoolMin:400]]
[2022.02.15-18.43.32:255][  0]LogConfig: Setting CVar [[r.LensFlareQuality:2]]
[2022.02.15-18.43.32:255][  0]LogConfig: Setting CVar [[r.SceneColorFringeQuality:1]]
[2022.02.15-18.43.32:255][  0]LogConfig: Setting CVar [[r.EyeAdaptationQuality:2]]
[2022.02.15-18.43.32:255][  0]LogConfig: Setting CVar [[r.BloomQuality:5]]
[2022.02.15-18.43.32:255][  0]LogConfig: Setting CVar [[r.FastBlurThreshold:100]]
[2022.02.15-18.43.32:255][  0]LogConfig: Setting CVar [[r.Upscale.Quality:3]]
[2022.02.15-18.43.32:255][  0]LogConfig: Setting CVar [[r.Tonemapper.GrainQuantization:1]]
[2022.02.15-18.43.32:255][  0]LogConfig: Setting CVar [[r.LightShaftQuality:1]]
[2022.02.15-18.43.32:255][  0]LogConfig: Setting CVar [[r.Filter.SizeScale:1]]
[2022.02.15-18.43.32:255][  0]LogConfig: Setting CVar [[r.Tonemapper.Quality:5]]
[2022.02.15-18.43.32:255][  0]LogConfig: Setting CVar [[r.DOF.Gather.AccumulatorQuality:1        ; higher gathering accumulator quality]]
[2022.02.15-18.43.32:255][  0]LogConfig: Setting CVar [[r.DOF.Gather.PostfilterMethod:1          ; Median3x3 postfilering method]]
[2022.02.15-18.43.32:255][  0]LogConfig: Setting CVar [[r.DOF.Gather.EnableBokehSettings:0       ; no bokeh simulation when gathering]]
[2022.02.15-18.43.32:255][  0]LogConfig: Setting CVar [[r.DOF.Gather.RingCount:4                 ; medium number of samples when gathering]]
[2022.02.15-18.43.32:255][  0]LogConfig: Setting CVar [[r.DOF.Scatter.ForegroundCompositing:1    ; additive foreground scattering]]
[2022.02.15-18.43.32:255][  0]LogConfig: Setting CVar [[r.DOF.Scatter.BackgroundCompositing:2    ; additive background scattering]]
[2022.02.15-18.43.32:255][  0]LogConfig: Setting CVar [[r.DOF.Scatter.EnableBokehSettings:1      ; bokeh simulation when scattering]]
[2022.02.15-18.43.32:255][  0]LogConfig: Setting CVar [[r.DOF.Scatter.MaxSpriteRatio:0.1         ; only a maximum of 10% of scattered bokeh]]
[2022.02.15-18.43.32:255][  0]LogConfig: Setting CVar [[r.DOF.Recombine.Quality:1                ; cheap slight out of focus]]
[2022.02.15-18.43.32:255][  0]LogConfig: Setting CVar [[r.DOF.Recombine.EnableBokehSettings:0    ; no bokeh simulation on slight out of focus]]
[2022.02.15-18.43.32:255][  0]LogConfig: Setting CVar [[r.DOF.TemporalAAQuality:1                ; more stable temporal accumulation]]
[2022.02.15-18.43.32:255][  0]LogConfig: Setting CVar [[r.DOF.Kernel.MaxForegroundRadius:0.025]]
[2022.02.15-18.43.32:255][  0]LogConfig: Setting CVar [[r.DOF.Kernel.MaxBackgroundRadius:0.025]]
[2022.02.15-18.43.32:255][  0]LogConfig: Applying CVar settings from Section [TextureQuality@3] File [C:/Users/FMGameDev/GitHub/CGT/DES310/SeagullStudios_AIKythera_Showcase/AIKythera_Showcase/Saved/Config/Windows/Scalability.ini]
[2022.02.15-18.43.32:255][  0]LogConfig: Setting CVar [[r.Streaming.MipBias:0]]
[2022.02.15-18.43.32:255][  0]LogConfig: Setting CVar [[r.Streaming.AmortizeCPUToGPUCopy:0]]
[2022.02.15-18.43.32:255][  0]LogConfig: Setting CVar [[r.Streaming.MaxNumTexturesToStreamPerFrame:0]]
[2022.02.15-18.43.32:255][  0]LogConfig: Setting CVar [[r.Streaming.Boost:1]]
[2022.02.15-18.43.32:255][  0]LogConfig: Setting CVar [[r.MaxAnisotropy:8]]
[2022.02.15-18.43.32:255][  0]LogConfig: Setting CVar [[r.VT.MaxAnisotropy:8]]
[2022.02.15-18.43.32:255][  0]LogConfig: Setting CVar [[r.Streaming.LimitPoolSizeToVRAM:0]]
[2022.02.15-18.43.32:255][  0]LogConfig: Setting CVar [[r.Streaming.PoolSize:1000]]
[2022.02.15-18.43.32:255][  0]LogConfig: Setting CVar [[r.Streaming.MaxEffectiveScreenSize:0]]
[2022.02.15-18.43.32:255][  0]LogConfig: Applying CVar settings from Section [EffectsQuality@3] File [C:/Users/FMGameDev/GitHub/CGT/DES310/SeagullStudios_AIKythera_Showcase/AIKythera_Showcase/Saved/Config/Windows/Scalability.ini]
[2022.02.15-18.43.32:255][  0]LogConfig: Setting CVar [[r.TranslucencyLightingVolumeDim:64]]
[2022.02.15-18.43.32:255][  0]LogConfig: Setting CVar [[r.RefractionQuality:2]]
[2022.02.15-18.43.32:255][  0]LogConfig: Setting CVar [[r.SSR.Quality:3]]
[2022.02.15-18.43.32:255][  0]LogConfig: Setting CVar [[r.SSR.HalfResSceneColor:0]]
[2022.02.15-18.43.32:255][  0]LogConfig: Setting CVar [[r.SceneColorFormat:4]]
[2022.02.15-18.43.32:255][  0]LogConfig: Setting CVar [[r.DetailMode:2]]
[2022.02.15-18.43.32:255][  0]LogConfig: Setting CVar [[r.TranslucencyVolumeBlur:1]]
[2022.02.15-18.43.32:255][  0]LogConfig: Setting CVar [[r.MaterialQualityLevel:1 ; High quality]]
[2022.02.15-18.43.32:255][  0]LogConfig: Setting CVar [[r.AnisotropicMaterials:1]]
[2022.02.15-18.43.32:255][  0]LogConfig: Setting CVar [[r.SSS.Scale:1]]
[2022.02.15-18.43.32:255][  0]LogConfig: Setting CVar [[r.SSS.SampleSet:2]]
[2022.02.15-18.43.32:255][  0]LogConfig: Setting CVar [[r.SSS.Quality:1]]
[2022.02.15-18.43.32:255][  0]LogConfig: Setting CVar [[r.SSS.HalfRes:0]]
[2022.02.15-18.43.32:255][  0]LogConfig: Setting CVar [[r.SSGI.Quality:3]]
[2022.02.15-18.43.32:255][  0]LogConfig: Setting CVar [[r.EmitterSpawnRateScale:1.0]]
[2022.02.15-18.43.32:255][  0]LogConfig: Setting CVar [[r.ParticleLightQuality:2]]
[2022.02.15-18.43.32:255][  0]LogConfig: Setting CVar [[r.SkyAtmosphere.AerialPerspectiveLUT.FastApplyOnOpaque:1 ; Always have FastSkyLUT 1 in this case to avoid wrong sky]]
[2022.02.15-18.43.32:255][  0]LogConfig: Setting CVar [[r.SkyAtmosphere.AerialPerspectiveLUT.SampleCountMaxPerSlice:4]]
[2022.02.15-18.43.32:255][  0]LogConfig: Setting CVar [[r.SkyAtmosphere.AerialPerspectiveLUT.DepthResolution:16.0]]
[2022.02.15-18.43.32:255][  0]LogConfig: Setting CVar [[r.SkyAtmosphere.FastSkyLUT:1]]
[2022.02.15-18.43.32:255][  0]LogConfig: Setting CVar [[r.SkyAtmosphere.FastSkyLUT.SampleCountMin:4.0]]
[2022.02.15-18.43.32:255][  0]LogConfig: Setting CVar [[r.SkyAtmosphere.FastSkyLUT.SampleCountMax:128.0]]
[2022.02.15-18.43.32:255][  0]LogConfig: Setting CVar [[r.SkyAtmosphere.SampleCountMin:4.0]]
[2022.02.15-18.43.32:255][  0]LogConfig: Setting CVar [[r.SkyAtmosphere.SampleCountMax:128.0]]
[2022.02.15-18.43.32:255][  0]LogConfig: Setting CVar [[r.SkyAtmosphere.TransmittanceLUT.UseSmallFormat:0]]
[2022.02.15-18.43.32:255][  0]LogConfig: Setting CVar [[r.SkyAtmosphere.TransmittanceLUT.SampleCount:10.0]]
[2022.02.15-18.43.32:255][  0]LogConfig: Setting CVar [[r.SkyAtmosphere.MultiScatteringLUT.SampleCount:15.0]]
[2022.02.15-18.43.32:255][  0]LogConfig: Setting CVar [[r.SkyLight.RealTimeReflectionCapture:1]]
[2022.02.15-18.43.32:255][  0]LogConfig: Applying CVar settings from Section [FoliageQuality@3] File [C:/Users/FMGameDev/GitHub/CGT/DES310/SeagullStudios_AIKythera_Showcase/AIKythera_Showcase/Saved/Config/Windows/Scalability.ini]
[2022.02.15-18.43.32:255][  0]LogConfig: Setting CVar [[foliage.DensityScale:1.0]]
[2022.02.15-18.43.32:255][  0]LogConfig: Setting CVar [[grass.DensityScale:1.0]]
[2022.02.15-18.43.32:255][  0]LogConfig: Applying CVar settings from Section [ShadingQuality@3] File [C:/Users/FMGameDev/GitHub/CGT/DES310/SeagullStudios_AIKythera_Showcase/AIKythera_Showcase/Saved/Config/Windows/Scalability.ini]
[2022.02.15-18.43.32:255][  0]LogConfig: Setting CVar [[r.HairStrands.SkyLighting.IntegrationType:2]]
[2022.02.15-18.43.32:255][  0]LogConfig: Setting CVar [[r.HairStrands.SkyAO.SampleCount:4]]
[2022.02.15-18.43.32:255][  0]LogConfig: Setting CVar [[r.HairStrands.Visibility.MSAA.SamplePerPixel:4]]
[2022.02.15-18.43.32:255][  0]LogInit: Selected Device Profile: [Windows]
[2022.02.15-18.43.32:255][  0]LogInit: Applying CVar settings loaded from the selected device profile: [Windows]
[2022.02.15-18.43.32:256][  0]LogHAL: Display: Platform has ~ 16 GB [17073135616 / 17179869184 / 16], which maps to Larger [LargestMinGB=32, LargerMinGB=12, DefaultMinGB=8, SmallerMinGB=6, SmallestMinGB=0)
[2022.02.15-18.43.32:256][  0]LogInit: Going up to parent DeviceProfile []
[2022.02.15-18.43.32:256][  0]LogConfig: Applying CVar settings from Section [ViewDistanceQuality@3] File [C:/Users/FMGameDev/GitHub/CGT/DES310/SeagullStudios_AIKythera_Showcase/AIKythera_Showcase/Saved/Config/Windows/Scalability.ini]
[2022.02.15-18.43.32:256][  0]LogConfig: Setting CVar [[r.SkeletalMeshLODBias:0]]
[2022.02.15-18.43.32:256][  0]LogConfig: Setting CVar [[r.ViewDistanceScale:1.0]]
[2022.02.15-18.43.32:256][  0]LogConfig: Applying CVar settings from Section [AntiAliasingQuality@3] File [C:/Users/FMGameDev/GitHub/CGT/DES310/SeagullStudios_AIKythera_Showcase/AIKythera_Showcase/Saved/Config/Windows/Scalability.ini]
[2022.02.15-18.43.32:256][  0]LogConfig: Setting CVar [[r.PostProcessAAQuality:4]]
[2022.02.15-18.43.32:256][  0]LogConfig: Applying CVar settings from Section [ShadowQuality@3] File [C:/Users/FMGameDev/GitHub/CGT/DES310/SeagullStudios_AIKythera_Showcase/AIKythera_Showcase/Saved/Config/Windows/Scalability.ini]
[2022.02.15-18.43.32:256][  0]LogConfig: Setting CVar [[r.LightFunctionQuality:1]]
[2022.02.15-18.43.32:256][  0]LogConfig: Setting CVar [[r.ShadowQuality:5]]
[2022.02.15-18.43.32:256][  0]LogConfig: Setting CVar [[r.Shadow.CSM.MaxCascades:10]]
[2022.02.15-18.43.32:256][  0]LogConfig: Setting CVar [[r.Shadow.MaxResolution:2048]]
[2022.02.15-18.43.32:256][  0]LogConfig: Setting CVar [[r.Shadow.MaxCSMResolution:2048]]
[2022.02.15-18.43.32:256][  0]LogConfig: Setting CVar [[r.Shadow.RadiusThreshold:0.01]]
[2022.02.15-18.43.32:256][  0]LogConfig: Setting CVar [[r.Shadow.DistanceScale:1.0]]
[2022.02.15-18.43.32:256][  0]LogConfig: Setting CVar [[r.Shadow.CSM.TransitionScale:1.0]]
[2022.02.15-18.43.32:256][  0]LogConfig: Setting CVar [[r.Shadow.PreShadowResolutionFactor:1.0]]
[2022.02.15-18.43.32:256][  0]LogConfig: Setting CVar [[r.DistanceFieldShadowing:1]]
[2022.02.15-18.43.32:256][  0]LogConfig: Setting CVar [[r.DistanceFieldAO:1]]
[2022.02.15-18.43.32:256][  0]LogConfig: Setting CVar [[r.AOQuality:2]]
[2022.02.15-18.43.32:256][  0]LogConfig: Setting CVar [[r.VolumetricFog:1]]
[2022.02.15-18.43.32:256][  0]LogConfig: Setting CVar [[r.VolumetricFog.GridPixelSize:8]]
[2022.02.15-18.43.32:256][  0]LogConfig: Setting CVar [[r.VolumetricFog.GridSizeZ:128]]
[2022.02.15-18.43.32:256][  0]LogConfig: Setting CVar [[r.VolumetricFog.HistoryMissSupersampleCount:4]]
[2022.02.15-18.43.32:256][  0]LogConfig: Setting CVar [[r.LightMaxDrawDistanceScale:1]]
[2022.02.15-18.43.32:256][  0]LogConfig: Setting CVar [[r.CapsuleShadows:1]]
[2022.02.15-18.43.32:256][  0]LogConfig: Applying CVar settings from Section [PostProcessQuality@3] File [C:/Users/FMGameDev/GitHub/CGT/DES310/SeagullStudios_AIKythera_Showcase/AIKythera_Showcase/Saved/Config/Windows/Scalability.ini]
[2022.02.15-18.43.32:256][  0]LogConfig: Setting CVar [[r.MotionBlurQuality:4]]
[2022.02.15-18.43.32:256][  0]LogConfig: Setting CVar [[r.AmbientOcclusionMipLevelFactor:0.4]]
[2022.02.15-18.43.32:256][  0]LogConfig: Setting CVar [[r.AmbientOcclusionMaxQuality:100]]
[2022.02.15-18.43.32:256][  0]LogConfig: Setting CVar [[r.AmbientOcclusionLevels:-1]]
[2022.02.15-18.43.32:256][  0]LogConfig: Setting CVar [[r.AmbientOcclusionRadiusScale:1.0]]
[2022.02.15-18.43.32:256][  0]LogConfig: Setting CVar [[r.DepthOfFieldQuality:2]]
[2022.02.15-18.43.32:256][  0]LogConfig: Setting CVar [[r.RenderTargetPoolMin:400]]
[2022.02.15-18.43.32:256][  0]LogConfig: Setting CVar [[r.LensFlareQuality:2]]
[2022.02.15-18.43.32:256][  0]LogConfig: Setting CVar [[r.SceneColorFringeQuality:1]]
[2022.02.15-18.43.32:256][  0]LogConfig: Setting CVar [[r.EyeAdaptationQuality:2]]
[2022.02.15-18.43.32:256][  0]LogConfig: Setting CVar [[r.BloomQuality:5]]
[2022.02.15-18.43.32:256][  0]LogConfig: Setting CVar [[r.FastBlurThreshold:100]]
[2022.02.15-18.43.32:256][  0]LogConfig: Setting CVar [[r.Upscale.Quality:3]]
[2022.02.15-18.43.32:256][  0]LogConfig: Setting CVar [[r.Tonemapper.GrainQuantization:1]]
[2022.02.15-18.43.32:256][  0]LogConfig: Setting CVar [[r.LightShaftQuality:1]]
[2022.02.15-18.43.32:256][  0]LogConfig: Setting CVar [[r.Filter.SizeScale:1]]
[2022.02.15-18.43.32:256][  0]LogConfig: Setting CVar [[r.Tonemapper.Quality:5]]
[2022.02.15-18.43.32:256][  0]LogConfig: Setting CVar [[r.DOF.Gather.AccumulatorQuality:1        ; higher gathering accumulator quality]]
[2022.02.15-18.43.32:256][  0]LogConfig: Setting CVar [[r.DOF.Gather.PostfilterMethod:1          ; Median3x3 postfilering method]]
[2022.02.15-18.43.32:256][  0]LogConfig: Setting CVar [[r.DOF.Gather.EnableBokehSettings:0       ; no bokeh simulation when gathering]]
[2022.02.15-18.43.32:256][  0]LogConfig: Setting CVar [[r.DOF.Gather.RingCount:4                 ; medium number of samples when gathering]]
[2022.02.15-18.43.32:256][  0]LogConfig: Setting CVar [[r.DOF.Scatter.ForegroundCompositing:1    ; additive foreground scattering]]
[2022.02.15-18.43.32:256][  0]LogConfig: Setting CVar [[r.DOF.Scatter.BackgroundCompositing:2    ; additive background scattering]]
[2022.02.15-18.43.32:256][  0]LogConfig: Setting CVar [[r.DOF.Scatter.EnableBokehSettings:1      ; bokeh simulation when scattering]]
[2022.02.15-18.43.32:256][  0]LogConfig: Setting CVar [[r.DOF.Scatter.MaxSpriteRatio:0.1         ; only a maximum of 10% of scattered bokeh]]
[2022.02.15-18.43.32:256][  0]LogConfig: Setting CVar [[r.DOF.Recombine.Quality:1                ; cheap slight out of focus]]
[2022.02.15-18.43.32:256][  0]LogConfig: Setting CVar [[r.DOF.Recombine.EnableBokehSettings:0    ; no bokeh simulation on slight out of focus]]
[2022.02.15-18.43.32:256][  0]LogConfig: Setting CVar [[r.DOF.TemporalAAQuality:1                ; more stable temporal accumulation]]
[2022.02.15-18.43.32:256][  0]LogConfig: Setting CVar [[r.DOF.Kernel.MaxForegroundRadius:0.025]]
[2022.02.15-18.43.32:256][  0]LogConfig: Setting CVar [[r.DOF.Kernel.MaxBackgroundRadius:0.025]]
[2022.02.15-18.43.32:256][  0]LogConfig: Applying CVar settings from Section [TextureQuality@3] File [C:/Users/FMGameDev/GitHub/CGT/DES310/SeagullStudios_AIKythera_Showcase/AIKythera_Showcase/Saved/Config/Windows/Scalability.ini]
[2022.02.15-18.43.32:256][  0]LogConfig: Setting CVar [[r.Streaming.MipBias:0]]
[2022.02.15-18.43.32:256][  0]LogConfig: Setting CVar [[r.Streaming.AmortizeCPUToGPUCopy:0]]
[2022.02.15-18.43.32:256][  0]LogConfig: Setting CVar [[r.Streaming.MaxNumTexturesToStreamPerFrame:0]]
[2022.02.15-18.43.32:256][  0]LogConfig: Setting CVar [[r.Streaming.Boost:1]]
[2022.02.15-18.43.32:256][  0]LogConfig: Setting CVar [[r.MaxAnisotropy:8]]
[2022.02.15-18.43.32:256][  0]LogConfig: Setting CVar [[r.VT.MaxAnisotropy:8]]
[2022.02.15-18.43.32:256][  0]LogConfig: Setting CVar [[r.Streaming.LimitPoolSizeToVRAM:0]]
[2022.02.15-18.43.32:256][  0]LogConfig: Setting CVar [[r.Streaming.PoolSize:1000]]
[2022.02.15-18.43.32:256][  0]LogConfig: Setting CVar [[r.Streaming.MaxEffectiveScreenSize:0]]
[2022.02.15-18.43.32:256][  0]LogConfig: Applying CVar settings from Section [EffectsQuality@3] File [C:/Users/FMGameDev/GitHub/CGT/DES310/SeagullStudios_AIKythera_Showcase/AIKythera_Showcase/Saved/Config/Windows/Scalability.ini]
[2022.02.15-18.43.32:256][  0]LogConfig: Setting CVar [[r.TranslucencyLightingVolumeDim:64]]
[2022.02.15-18.43.32:256][  0]LogConfig: Setting CVar [[r.RefractionQuality:2]]
[2022.02.15-18.43.32:256][  0]LogConfig: Setting CVar [[r.SSR.Quality:3]]
[2022.02.15-18.43.32:256][  0]LogConfig: Setting CVar [[r.SSR.HalfResSceneColor:0]]
[2022.02.15-18.43.32:256][  0]LogConfig: Setting CVar [[r.SceneColorFormat:4]]
[2022.02.15-18.43.32:256][  0]LogConfig: Setting CVar [[r.DetailMode:2]]
[2022.02.15-18.43.32:256][  0]LogConfig: Setting CVar [[r.TranslucencyVolumeBlur:1]]
[2022.02.15-18.43.32:256][  0]LogConfig: Setting CVar [[r.MaterialQualityLevel:1 ; High quality]]
[2022.02.15-18.43.32:256][  0]LogConfig: Setting CVar [[r.AnisotropicMaterials:1]]
[2022.02.15-18.43.32:256][  0]LogConfig: Setting CVar [[r.SSS.Scale:1]]
[2022.02.15-18.43.32:256][  0]LogConfig: Setting CVar [[r.SSS.SampleSet:2]]
[2022.02.15-18.43.32:256][  0]LogConfig: Setting CVar [[r.SSS.Quality:1]]
[2022.02.15-18.43.32:256][  0]LogConfig: Setting CVar [[r.SSS.HalfRes:0]]
[2022.02.15-18.43.32:256][  0]LogConfig: Setting CVar [[r.SSGI.Quality:3]]
[2022.02.15-18.43.32:257][  0]LogConfig: Setting CVar [[r.EmitterSpawnRateScale:1.0]]
[2022.02.15-18.43.32:257][  0]LogConfig: Setting CVar [[r.ParticleLightQuality:2]]
[2022.02.15-18.43.32:257][  0]LogConfig: Setting CVar [[r.SkyAtmosphere.AerialPerspectiveLUT.FastApplyOnOpaque:1 ; Always have FastSkyLUT 1 in this case to avoid wrong sky]]
[2022.02.15-18.43.32:257][  0]LogConfig: Setting CVar [[r.SkyAtmosphere.AerialPerspectiveLUT.SampleCountMaxPerSlice:4]]
[2022.02.15-18.43.32:257][  0]LogConfig: Setting CVar [[r.SkyAtmosphere.AerialPerspectiveLUT.DepthResolution:16.0]]
[2022.02.15-18.43.32:257][  0]LogConfig: Setting CVar [[r.SkyAtmosphere.FastSkyLUT:1]]
[2022.02.15-18.43.32:257][  0]LogConfig: Setting CVar [[r.SkyAtmosphere.FastSkyLUT.SampleCountMin:4.0]]
[2022.02.15-18.43.32:257][  0]LogConfig: Setting CVar [[r.SkyAtmosphere.FastSkyLUT.SampleCountMax:128.0]]
[2022.02.15-18.43.32:257][  0]LogConfig: Setting CVar [[r.SkyAtmosphere.SampleCountMin:4.0]]
[2022.02.15-18.43.32:257][  0]LogConfig: Setting CVar [[r.SkyAtmosphere.SampleCountMax:128.0]]
[2022.02.15-18.43.32:257][  0]LogConfig: Setting CVar [[r.SkyAtmosphere.TransmittanceLUT.UseSmallFormat:0]]
[2022.02.15-18.43.32:257][  0]LogConfig: Setting CVar [[r.SkyAtmosphere.TransmittanceLUT.SampleCount:10.0]]
[2022.02.15-18.43.32:257][  0]LogConfig: Setting CVar [[r.SkyAtmosphere.MultiScatteringLUT.SampleCount:15.0]]
[2022.02.15-18.43.32:257][  0]LogConfig: Setting CVar [[r.SkyLight.RealTimeReflectionCapture:1]]
[2022.02.15-18.43.32:257][  0]LogConfig: Applying CVar settings from Section [FoliageQuality@3] File [C:/Users/FMGameDev/GitHub/CGT/DES310/SeagullStudios_AIKythera_Showcase/AIKythera_Showcase/Saved/Config/Windows/Scalability.ini]
[2022.02.15-18.43.32:257][  0]LogConfig: Setting CVar [[foliage.DensityScale:1.0]]
[2022.02.15-18.43.32:257][  0]LogConfig: Setting CVar [[grass.DensityScale:1.0]]
[2022.02.15-18.43.32:257][  0]LogConfig: Applying CVar settings from Section [ShadingQuality@3] File [C:/Users/FMGameDev/GitHub/CGT/DES310/SeagullStudios_AIKythera_Showcase/AIKythera_Showcase/Saved/Config/Windows/Scalability.ini]
[2022.02.15-18.43.32:257][  0]LogConfig: Setting CVar [[r.HairStrands.SkyLighting.IntegrationType:2]]
[2022.02.15-18.43.32:257][  0]LogConfig: Setting CVar [[r.HairStrands.SkyAO.SampleCount:4]]
[2022.02.15-18.43.32:257][  0]LogConfig: Setting CVar [[r.HairStrands.Visibility.MSAA.SamplePerPixel:4]]
[2022.02.15-18.43.32:257][  0]LogConfig: Applying CVar settings from Section [Startup] File [../../../Engine/Config/ConsoleVariables.ini]
[2022.02.15-18.43.32:257][  0]LogConfig: Setting CVar [[net.UseAdaptiveNetUpdateFrequency:0]]
[2022.02.15-18.43.32:257][  0]LogConfig: Setting CVar [[p.chaos.AllowCreatePhysxBodies:1]]
[2022.02.15-18.43.32:257][  0]LogConfig: Setting CVar [[fx.SkipVectorVMBackendOptimizations:1]]
[2022.02.15-18.43.32:257][  0]LogConfig: Applying CVar settings from Section [ConsoleVariables] File [C:/Users/FMGameDev/GitHub/CGT/DES310/SeagullStudios_AIKythera_Showcase/AIKythera_Showcase/Saved/Config/Windows/Engine.ini]
[2022.02.15-18.43.32:257][  0]LogConfig: Applying CVar settings from Section [ConsoleVariables] File [C:/Users/FMGameDev/GitHub/CGT/DES310/SeagullStudios_AIKythera_Showcase/AIKythera_Showcase/Saved/Config/Windows/Editor.ini]
[2022.02.15-18.43.32:257][  0]LogInit: Computer: FRANCISCO-LAPTO
[2022.02.15-18.43.32:257][  0]LogInit: User: FMGameDev
[2022.02.15-18.43.32:257][  0]LogInit: CPU Page size=4096, Cores=6
[2022.02.15-18.43.32:257][  0]LogInit: High frequency timer resolution =10.000000 MHz
[2022.02.15-18.43.32:257][  0]LogMemory: Memory total: Physical=15.9GB (16GB approx)
[2022.02.15-18.43.32:257][  0]LogMemory: Platform Memory Stats for Windows
[2022.02.15-18.43.32:257][  0]LogMemory: Process Physical Memory: 151.09 MB used, 151.09 MB peak
[2022.02.15-18.43.32:257][  0]LogMemory: Process Virtual Memory: 116.39 MB used, 116.39 MB peak
[2022.02.15-18.43.32:257][  0]LogMemory: Physical Memory: 8653.22 MB used,  7628.99 MB free, 16282.21 MB total
[2022.02.15-18.43.32:257][  0]LogMemory: Virtual Memory: 134210096.00 MB used,  7633.61 MB free, 134217728.00 MB total
[2022.02.15-18.43.32:263][  0]LogWindows: WindowsPlatformFeatures enabled
[2022.02.15-18.43.32:324][  0]LogInit: Physics initialised using underlying interface: PhysX
[2022.02.15-18.43.32:325][  0]LogInit: Using OS detected language (en-GB).
[2022.02.15-18.43.32:325][  0]LogInit: Using OS detected locale (en-GB).
[2022.02.15-18.43.32:330][  0]LogTextLocalizationManager: No specific localization for 'en-GB' exists, so the 'en' localization will be used.
[2022.02.15-18.43.32:524][  0]LogInit: Setting process to per monitor DPI aware
[2022.02.15-18.43.32:551][  0]LogWindowsTextInputMethodSystem: Display: IME system deactivated.
[2022.02.15-18.43.32:566][  0]LogSlate: New Slate User Created.  User Index 0, Is Virtual User: 0
[2022.02.15-18.43.32:566][  0]LogSlate: Slate User Registered.  User Index 0, Is Virtual User: 0
[2022.02.15-18.43.32:709][  0]LogD3D12RHI: Aftermath initialized
[2022.02.15-18.43.32:709][  0]LogD3D12RHI: Loading WinPixEventRuntime.dll for PIX profiling (from ../../../Engine/Binaries/ThirdParty/Windows/WinPixEventRuntime/x64).
[2022.02.15-18.43.32:849][  0]LogHMD: Failed to initialize OpenVR with code 110
[2022.02.15-18.43.33:106][  0]LogD3D12RHI: Found D3D12 adapter 0: NVIDIA GeForce RTX 2080 with Max-Q Design (Max supported Feature Level 12_1)
[2022.02.15-18.43.33:106][  0]LogD3D12RHI: Adapter has 8011MB of dedicated video memory, 0MB of dedicated system memory, and 8141MB of shared system memory, 1 output[s]
[2022.02.15-18.43.33:510][  0]LogD3D12RHI: Found D3D12 adapter 1: Intel(R) UHD Graphics 630 (Max supported Feature Level 12_1)
[2022.02.15-18.43.33:510][  0]LogD3D12RHI: Adapter has 128MB of dedicated video memory, 0MB of dedicated system memory, and 8141MB of shared system memory, 0 output[s]
[2022.02.15-18.43.33:545][  0]LogD3D12RHI: Found D3D12 adapter 2: Microsoft Basic Render Driver (Max supported Feature Level 12_1)
[2022.02.15-18.43.33:545][  0]LogD3D12RHI: Adapter has 0MB of dedicated video memory, 0MB of dedicated system memory, and 8141MB of shared system memory, 0 output[s]
[2022.02.15-18.43.33:545][  0]LogD3D12RHI: Forcing D3D12.AsyncDeferredDeletion=0 as a workaround for a deadlock.
[2022.02.15-18.43.33:547][  0]LogD3D12RHI: Chosen D3D12 Adapter Id = 0
[2022.02.15-18.43.33:558][  0]LogD3D12RHI: InitD3DDevice: -D3DDebug = off -D3D12GPUValidation = off
[2022.02.15-18.43.33:558][  0]LogD3D12RHI: Emitting draw events for PIX profiling.
[2022.02.15-18.43.33:715][  0]LogD3D12RHI: The system supports ID3D12Device1.
[2022.02.15-18.43.33:715][  0]LogD3D12RHI: The system supports ID3D12Device2.
[2022.02.15-18.43.33:715][  0]LogD3D12RHI: The system supports ID3D12Device5.
[2022.02.15-18.43.33:715][  0]LogD3D12RHI: The system supports ID3D12Device7.
[2022.02.15-18.43.33:715][  0]LogD3D12RHI: D3D12 ray tracing 1.0 is supported.
[2022.02.15-18.43.33:715][  0]LogD3D12RHI: D3D12 ray tracing 1.1 is supported.
[2022.02.15-18.43.33:892][  0]LogD3D12RHI: [GPUBreadCrumb] Successfully setup breadcrumb resource for 3D Queue 0
[2022.02.15-18.43.33:906][  0]LogD3D12RHI: [GPUBreadCrumb] Successfully setup breadcrumb resource for Copy Queue 0
[2022.02.15-18.43.33:940][  0]LogD3D12RHI: [GPUBreadCrumb] Successfully setup breadcrumb resource for Compute Queue 0
[2022.02.15-18.43.33:970][  0]LogD3D12RHI: Display: Not using pipeline state disk cache per r.D3D12.PSO.DiskCache=0
[2022.02.15-18.43.33:970][  0]LogD3D12RHI: Display: Not using driver-optimized pipeline state disk cache per r.D3D12.PSO.DriverOptimizedDiskCache=0
[2022.02.15-18.43.34:053][  0]LogD3D12RHI:     GPU DeviceId: 0x1e90 (for the marketing name, search the web for "GPU Device Id")
[2022.02.15-18.43.34:053][  0]LogWindows: EnumDisplayDevices:
[2022.02.15-18.43.34:053][  0]LogWindows:    0. 'Intel(R) UHD Graphics 630' (P:1 D:1)
[2022.02.15-18.43.34:054][  0]LogWindows:    1. 'Intel(R) UHD Graphics 630' (P:0 D:0)
[2022.02.15-18.43.34:054][  0]LogWindows:    2. 'Intel(R) UHD Graphics 630' (P:0 D:0)
[2022.02.15-18.43.34:054][  0]LogWindows:    3. 'NVIDIA GeForce RTX 2080 with Max-Q Design' (P:0 D:0)
[2022.02.15-18.43.34:055][  0]LogWindows:    4. 'NVIDIA GeForce RTX 2080 with Max-Q Design' (P:0 D:0)
[2022.02.15-18.43.34:055][  0]LogWindows:    5. 'NVIDIA GeForce RTX 2080 with Max-Q Design' (P:0 D:0)
[2022.02.15-18.43.34:055][  0]LogWindows:    6. 'NVIDIA GeForce RTX 2080 with Max-Q Design' (P:0 D:0)
[2022.02.15-18.43.34:056][  0]LogWindows: DebugString: PrimaryIsNotTheChoosenAdapter PrimaryIsNotTheChoosenAdapter PrimaryIsNotTheChoosenAdapter FoundDriverCount:4 
[2022.02.15-18.43.34:056][  0]LogD3D12RHI:     Adapter Name: NVIDIA GeForce RTX 2080 with Max-Q Design
[2022.02.15-18.43.34:056][  0]LogD3D12RHI:   Driver Version: 511.79 (internal:30.0.15.1179, unified:511.79)
[2022.02.15-18.43.34:056][  0]LogD3D12RHI:      Driver Date: 2-10-2022
[2022.02.15-18.43.34:056][  0]LogRHI: Texture pool is 4563 MB (70% of 6518 MB)
[2022.02.15-18.43.34:056][  0]LogD3D12RHI: Async texture creation enabled
[2022.02.15-18.43.34:056][  0]LogD3D12RHI: RHI has support for 64 bit atomics
[2022.02.15-18.43.34:075][  0]LogRHI: GeForceNow SDK initialized: 0
[2022.02.15-18.43.34:528][  0]LogTargetPlatformManager: Display: Loaded TargetPlatform 'AllDesktop'
[2022.02.15-18.43.34:559][  0]LogTargetPlatformManager: Display: Loaded TargetPlatform 'Android'
[2022.02.15-18.43.34:559][  0]LogTargetPlatformManager: Display: Loaded TargetPlatform 'Android_ASTC'
[2022.02.15-18.43.34:559][  0]LogTargetPlatformManager: Display: Loaded TargetPlatform 'Android_DXT'
[2022.02.15-18.43.34:559][  0]LogTargetPlatformManager: Display: Loaded TargetPlatform 'Android_ETC2'
[2022.02.15-18.43.34:559][  0]LogTargetPlatformManager: Display: Loaded TargetPlatform 'AndroidClient'
[2022.02.15-18.43.34:559][  0]LogTargetPlatformManager: Display: Loaded TargetPlatform 'Android_ASTCClient'
[2022.02.15-18.43.34:559][  0]LogTargetPlatformManager: Display: Loaded TargetPlatform 'Android_DXTClient'
[2022.02.15-18.43.34:559][  0]LogTargetPlatformManager: Display: Loaded TargetPlatform 'Android_ETC2Client'
[2022.02.15-18.43.34:559][  0]LogTargetPlatformManager: Display: Loaded TargetPlatform 'Android_Multi'
[2022.02.15-18.43.34:559][  0]LogTargetPlatformManager: Display: Loaded TargetPlatform 'Android_MultiClient'
[2022.02.15-18.43.34:583][  0]LogTargetPlatformManager: Display: Loaded TargetPlatform 'IOSClient'
[2022.02.15-18.43.34:584][  0]LogTargetPlatformManager: Display: Loaded TargetPlatform 'IOS'
[2022.02.15-18.43.34:594][  0]LogTargetPlatformManager: Display: Loaded TargetPlatform 'Linux'
[2022.02.15-18.43.34:600][  0]LogTargetPlatformManager: Display: Loaded TargetPlatform 'LinuxNoEditor'
[2022.02.15-18.43.34:607][  0]LogTargetPlatformManager: Display: Loaded TargetPlatform 'LinuxClient'
[2022.02.15-18.43.34:613][  0]LogTargetPlatformManager: Display: Loaded TargetPlatform 'LinuxServer'
[2022.02.15-18.43.34:622][  0]LogTargetPlatformManager: Display: Loaded TargetPlatform 'LinuxAArch64NoEditor'
[2022.02.15-18.43.34:627][  0]LogTargetPlatformManager: Display: Loaded TargetPlatform 'LinuxAArch64Client'
[2022.02.15-18.43.34:633][  0]LogTargetPlatformManager: Display: Loaded TargetPlatform 'LinuxAArch64Server'
[2022.02.15-18.43.34:663][  0]LogTargetPlatformManager: Display: Loaded TargetPlatform 'Lumin'
[2022.02.15-18.43.34:663][  0]LogTargetPlatformManager: Display: Loaded TargetPlatform 'LuminClient'
[2022.02.15-18.43.34:676][  0]LogTargetPlatformManager: Display: Loaded TargetPlatform 'MacNoEditor'
[2022.02.15-18.43.34:682][  0]LogTargetPlatformManager: Display: Loaded TargetPlatform 'Mac'
[2022.02.15-18.43.34:689][  0]LogTargetPlatformManager: Display: Loaded TargetPlatform 'MacClient'
[2022.02.15-18.43.34:694][  0]LogTargetPlatformManager: Display: Loaded TargetPlatform 'MacServer'
[2022.02.15-18.43.34:706][  0]LogTargetPlatformManager: Display: Loaded TargetPlatform 'TVOSClient'
[2022.02.15-18.43.34:707][  0]LogTargetPlatformManager: Display: Loaded TargetPlatform 'TVOS'
[2022.02.15-18.43.34:717][  0]LogTargetPlatformManager: Display: Loaded TargetPlatform 'WindowsNoEditor'
[2022.02.15-18.43.34:723][  0]LogTargetPlatformManager: Display: Loaded TargetPlatform 'Windows'
[2022.02.15-18.43.34:729][  0]LogTargetPlatformManager: Display: Loaded TargetPlatform 'WindowsClient'
[2022.02.15-18.43.34:736][  0]LogTargetPlatformManager: Display: Loaded TargetPlatform 'WindowsServer'
[2022.02.15-18.43.34:736][  0]LogTargetPlatformManager: Display: Building Assets For Windows
[2022.02.15-18.43.34:746][  0]LogAudioDebug: Display: Lib vorbis DLL was dynamically loaded.
[2022.02.15-18.43.34:789][  0]LogTextureFormatOodle: Display: Oodle Texture 2.9.0 init RDO Off
[2022.02.15-18.43.34:833][  0]LogRendererCore: Ray tracing is enabled for the editor. Reason: r.RayTracing=1.
[2022.02.15-18.43.34:833][  0]LogShaderCompilers: Guid format shader working directory is -54 characters bigger than the processId version (../../../../../../Users/FMGameDev/GitHub/CGT/DES310/SeagullStudios_AIKythera_Showcase/AIKythera_Showcase/Intermediate/Shaders/WorkingDirectory/5344/).
[2022.02.15-18.43.34:834][  0]LogShaderCompilers: Cleaned the shader compiler working directory 'C:/Users/FMGameDev/AppData/Local/Temp/UnrealShaderWorkingDir/857DE76A4835FC899BF409A23440F07C/'.
[2022.02.15-18.43.34:834][  0]LogXGEController: Cannot use XGE Controller as Incredibuild is not installed on this machine.
[2022.02.15-18.43.34:834][  0]LogShaderCompilers: Cannot use XGE Shader Compiler as Incredibuild is not installed on this machine.
[2022.02.15-18.43.34:834][  0]LogShaderCompilers: Display: Using Local Shader Compiler.
[2022.02.15-18.43.35:941][  0]LogDerivedDataCache: Display: Max Cache Size: 512 MB
[2022.02.15-18.43.36:013][  0]LogDerivedDataCache: Loaded boot cache 0.07s 96MB C:/Users/FMGameDev/AppData/Local/UnrealEngine/4.27/DerivedDataCache/Boot.ddc.
[2022.02.15-18.43.36:013][  0]LogDerivedDataCache: Display: Loaded Boot cache: C:/Users/FMGameDev/AppData/Local/UnrealEngine/4.27/DerivedDataCache/Boot.ddc
[2022.02.15-18.43.36:013][  0]LogDerivedDataCache: FDerivedDataBackendGraph:  Pak pak cache file ../../../../../../Users/FMGameDev/GitHub/CGT/DES310/SeagullStudios_AIKythera_Showcase/AIKythera_Showcase/DerivedDataCache/DDC.ddp not found, will not use a pak cache.
[2022.02.15-18.43.36:013][  0]LogDerivedDataCache: Unable to find inner node Pak for hierarchical cache Hierarchy.
[2022.02.15-18.43.36:013][  0]LogDerivedDataCache: FDerivedDataBackendGraph:  CompressedPak pak cache file ../../../../../../Users/FMGameDev/GitHub/CGT/DES310/SeagullStudios_AIKythera_Showcase/AIKythera_Showcase/DerivedDataCache/Compressed.ddp not found, will not use a pak cache.
[2022.02.15-18.43.36:013][  0]LogDerivedDataCache: Unable to find inner node CompressedPak for hierarchical cache Hierarchy.
[2022.02.15-18.43.36:032][  0]LogDerivedDataCache: Display: Pak cache opened for reading ../../../Engine/DerivedDataCache/Compressed.ddp.
[2022.02.15-18.43.36:032][  0]LogDerivedDataCache: FDerivedDataBackendGraph:  EnterprisePak pak cache file ../../../Enterprise/DerivedDataCache/Compressed.ddp not found, will not use a pak cache.
[2022.02.15-18.43.36:032][  0]LogDerivedDataCache: Unable to find inner node EnterprisePak for hierarchical cache Hierarchy.
[2022.02.15-18.43.36:042][  0]LogDerivedDataCache: Speed tests for C:/Users/FMGameDev/AppData/Local/UnrealEngine/Common/DerivedDataCache took 0.01 seconds
[2022.02.15-18.43.36:042][  0]LogDerivedDataCache: Display: Performance to C:/Users/FMGameDev/AppData/Local/UnrealEngine/Common/DerivedDataCache: Latency=0.03ms. RandomReadSpeed=1440.71MBs, RandomWriteSpeed=103.70MBs. Assigned SpeedClass 'Local'
[2022.02.15-18.43.36:049][  0]LogDerivedDataCache: Using Local data cache path C:/Users/FMGameDev/AppData/Local/UnrealEngine/Common/DerivedDataCache: Writable
[2022.02.15-18.43.36:049][  0]LogDerivedDataCache: Shared data cache path not found in *engine.ini, will not use an Shared cache.
[2022.02.15-18.43.36:049][  0]LogDerivedDataCache: Unable to find inner node Shared for hierarchical cache Hierarchy.
[2022.02.15-18.43.38:178][  0]LogShaderCompilers: Display: Submitted 3049 shader compile jobs with 'High' priority
[2022.02.15-18.43.38:179][  0]LogSlate: Using FreeType 2.10.0
[2022.02.15-18.43.38:179][  0]LogSlate: SlateFontServices - WITH_FREETYPE: 1, WITH_HARFBUZZ: 1
[2022.02.15-18.43.38:230][  0]LogShaderCompilers: Display: Worker (1/9): shaders left to compile 3049
[2022.02.15-18.43.38:230][  0]LogShaderCompilers: Display: Worker (2/9): shaders left to compile 3039
[2022.02.15-18.43.38:230][  0]LogShaderCompilers: Display: Worker (3/9): shaders left to compile 3029
[2022.02.15-18.43.38:230][  0]LogShaderCompilers: Display: Worker (4/9): shaders left to compile 3019
[2022.02.15-18.43.38:230][  0]LogShaderCompilers: Display: Worker (5/9): shaders left to compile 3009
[2022.02.15-18.43.38:230][  0]LogShaderCompilers: Display: Worker (6/9): shaders left to compile 2999
[2022.02.15-18.43.38:230][  0]LogShaderCompilers: Display: Worker (7/9): shaders left to compile 2989
[2022.02.15-18.43.38:230][  0]LogShaderCompilers: Display: Worker (8/9): shaders left to compile 2979
[2022.02.15-18.43.38:230][  0]LogShaderCompilers: Display: Worker (9/9): shaders left to compile 2969
[2022.02.15-18.43.38:230][  0]LogShaderCompilers: Display: Started 90 'Local' shader compile jobs with 'High' priority
[2022.02.15-18.43.38:230][  0]LogAssetRegistry: FAssetRegistry took 0.0053 seconds to start up
[2022.02.15-18.43.38:675][  0]LogInit: Selected Device Profile: [Windows]
[2022.02.15-18.43.38:676][  0]LogInit: Active device profile: [000002B717DE3900][000002B711D40540 49] Windows
[2022.02.15-18.43.38:676][  0]LogInit: Profiles: [000002B717DE3900][000002B711D40540 49] Windows, [000002B717D94700][000002B71640E800 49] WindowsNoEditor, [000002B717DE0700][000002B716412AC0 49] WindowsServer, [000002B717D97500][000002B716416D80 49] WindowsClient, [000002B717DE3400][000002B71641B040 49] IOS, [000002B717D94E00][000002B71641F300 49] iPadAir, [000002B717DE0D00][000002B7164235C0 49] iPadAir2, [000002B717CF4500][000002B716433A80 49] IPadPro, [000002B717CF4600][000002B71640BAC0 49] iPadAir3, [000002B717DE2F00][000002B71642E200 49] iPadAir4, [000002B717CF7700][000002B71642A4C0 49] iPadMini2, [000002B717DE0E00][000002B716436780 49] iPadMini3, [000002B717CF5600][000002B71643AA40 49] iPadMini4, [000002B717DE2A00][000002B71643ED00 49] iPadMini5, [000002B717CF3D00][000002B7159E9240 49] iPhone6, [000002B717CF3E00][000002B716443280 49] iPodTouch6, [000002B717CF7000][000002B7159F17C0 49] iPhone7, [000002B717CF7300][000002B71644B800 49] iPodTouch7, [000002B717CF0D00][000002B716427A80 49] iPhone5S, [000002B717CF5200][000002B7159E4180 49] iPhone6Plus, [000002B717CF3000][000002B7159EC440 49] iPhone6S, [000002B717CF7A00][000002B7159F4700 49] iPhone6SPlus, [000002B717CF1200][000002B7159F89C0 49] iPhone7Plus, [000002B717CF6500][000002B7159FCC80 49] iPhoneSE, [000002B717CF2B00][000002B715A00F40 49] iPhone8, [000002B717CF5000][000002B715A05200 49] iPhone8Plus, [000002B717CF1700][000002B715A094C0 49] iPhoneX, [000002B717CF4100][000002B715A0D780 49] iPhoneXS, [000002B717CF2600][000002B715A11A40 49] iPhoneXSMax, [000002B717CF4700][000002B716446140 49] iPhoneXR, [000002B717CF0900][000002B715A143C0 49] iPhone11, [000002B717CF6D00][000002B715A1C680 49] iPhone11Pro, [000002B717CF0100][000002B715A20940 49] iPhone11ProMax, [000002B717CF7600][000002B715A24C00 49] iPhoneSE2, [000002B717CF1D00][000002B715A28EC0 49] iPhone12Mini, [000002B717CF7D00][000002B715A2D180 49] iPhone12, [000002B717CF2900][000002B7186B3440 49] iPhone12Pro, [000002B717CF6E00][000002B7186B7700 49] iPhone12ProMax, [000002B717CF0300][000002B7186BB9C0 49] iPadPro105, [000002B717CF5C00][000002B7186BE100 49] iPadPro129, [000002B717CF1800][000002B715A18380 49] iPadPro97, [000002B717CF5A00][000002B7186C2600 49] iPadPro2_129, [000002B717CF2000][000002B7186CA8C0 49] iPad5, [000002B717CF6000][000002B7186CEB80 49] iPad6, [000002B717CF1F00][000002B7186D2E40 49] iPad7, [000002B717CF5D00][000002B7186D7100 49] iPad8, [000002B717CF2200][000002B7186DB3C0 49] iPadPro11, [000002B717CF4800][000002B7186DF680 49] iPadPro2_11, [000002B717CF3200][000002B7186E3940 49] iPadPro3_129, [000002B717CF4A00][000002B7186E7C00 49] iPadPro4_129, [000002B717CF3100][000002B7186EA340 49] AppleTV, [000002B717CF4E00][000002B7186C65C0 49] AppleTV4K, [000002B717CF0200][000002B7186EE840 49] TVOS, [000002B717CF4300][000002B7186F6B00 49] Mac, [000002B717CF3500][000002B7186FADC0 49] MacClient, [000002B717CF7800][000002B7186FF080 49] MacNoEditor, [000002B717CF3C00][000002B718703340 49] MacServer, [000002B717CF5B00][000002B718707600 49] Linux, [000002B717CF1E00][000002B71870B8C0 49] LinuxAArch64, [000002B717CF7E00][000002B71870FB80 49] LinuxNoEditor, [000002B717CF2700][000002B7187122C0 49] LinuxAArch64NoEditor, [000002B717CF6700][000002B718716580 49] LinuxClient, [000002B717CF1000][000002B7186F2800 49] LinuxAArch64Client, [000002B717CF6900][000002B71871AA80 49] LinuxServer, [000002B717CF2500][000002B718722D40 49] LinuxAArch64Server, [000002B717CF4D00][000002B718727000 49] Android, [000002B717E42300][000002B71872B2C0 49] Android_Low, [000002B717D95200][000002B71872F580 49] Android_Mid, [000002B717E40500][000002B718733840 49] Android_High, [000002B717D95E00][000002B718737B00 49] Android_Default, [000002B717E41E00][000002B71873A240 49] Android_Adreno4xx, [000002B717D97400][000002B71873E500 49] Android_Adreno5xx_Low, [000002B717E40200][000002B71879E7C0 49] Android_Adreno5xx, [000002B717D97700][000002B71871EA40 49] Android_Adreno6xx, [000002B717E40700][000002B7187A2CC0 49] Android_Adreno6xx_Vulkan, [000002B717D96100][000002B7187AAF80 49] Android_Mali_T6xx, [000002B717E41C00][000002B7187AF240 49] Android_Mali_T7xx, [000002B717D95500][000002B7187B3500 49] Android_Mali_T8xx, [000002B717E40600][000002B7187B77C0 49] Android_Mali_G71, [000002B717D96800][000002B7187BBA80 49] Android_Mali_G72, [000002B717E42800][000002B7187BE1C0 49] Android_Mali_G72_Vulkan, [000002B717D96300][000002B71881E480 49] Android_Mali_G76, [000002B717E42100][000002B718822740 49] Android_Mali_G76_Vulkan, [000002B717D95900][000002B718826A00 49] Android_Mali_G77, [000002B717E40C00][000002B7187A6C80 49] Android_Mali_G77_Vulkan, [000002B717D97B00][000002B71882EF40 49] Android_Mali_G78, [000002B717E41400][000002B718833200 49] Android_Mali_G78_Vulkan, [000002B717D94100][000002B7188374C0 49] Android_Mali_G710, [000002B717E41200][000002B71883B780 49] Android_Mali_G710_Vulkan, [000002B717D94B00][000002B71883FA40 49] Android_Vulkan_SM5, [000002B717CF1B00][000002B718842180 49] Android_PowerVR_G6xxx, [000002B717D94400][000002B718846440 49] Android_PowerVR_GT7xxx, [000002B717CF3B00][000002B71884A700 49] Android_PowerVR_GE8xxx, [000002B717D96700][000002B71884E9C0 49] Android_PowerVR_GM9xxx, [000002B717CF2100][000002B71882AC40 49] Android_PowerVR_GM9xxx_Vulkan, [000002B717D97200][000002B718852EC0 49] Android_TegraK1, [000002B717CF3A00][000002B71885B180 49] Android_Unknown_Vulkan, [000002B717D96A00][000002B718871440 49] Lumin, [000002B717CF0600][000002B718875700 49] Lumin_Desktop, [000002B717D96B00][000002B7188799C0 49] HoloLens, 
[2022.02.15-18.43.38:838][  0]LogMaterial: Display: Missing cached shadermap for WorldGridMaterial in PCD3D_SM5, Default, SM5 (DDC key hash: ECAA5A1FFEDAED56AE4444EEB36047B8BA8E3B96), compiling. Is special engine material.
[2022.02.15-18.43.40:794][  0]LogShaderCompilers: Display: Submitted 1281 shader compile jobs with 'High' priority
[2022.02.15-18.43.41:917][  0]LogShaderCompilers: Display: Worker (6/9): shaders left to compile 4240
[2022.02.15-18.43.41:917][  0]LogShaderCompilers: Display: Started 10 'Local' shader compile jobs with 'High' priority
[2022.02.15-18.43.41:917][  0]LogShaderCompilers: Display: Worker (3/9): shaders left to compile 4230
[2022.02.15-18.43.41:917][  0]LogShaderCompilers: Display: Started 10 'Local' shader compile jobs with 'High' priority
[2022.02.15-18.43.42:478][  0]LogShaderCompilers: Display: Worker (7/9): shaders left to compile 4220
[2022.02.15-18.43.42:478][  0]LogShaderCompilers: Display: Started 10 'Local' shader compile jobs with 'High' priority
[2022.02.15-18.43.42:478][  0]LogShaderCompilers: Display: Worker (4/9): shaders left to compile 4210
[2022.02.15-18.43.42:478][  0]LogShaderCompilers: Display: Worker (8/9): shaders left to compile 4200
[2022.02.15-18.43.42:478][  0]LogShaderCompilers: Display: Started 20 'Local' shader compile jobs with 'High' priority
[2022.02.15-18.43.42:478][  0]LogShaderCompilers: Display: Worker (2/9): shaders left to compile 4190
[2022.02.15-18.43.42:478][  0]LogShaderCompilers: Display: Started 10 'Local' shader compile jobs with 'High' priority
[2022.02.15-18.43.42:478][  0]LogShaderCompilers: Display: Worker (5/9): shaders left to compile 4180
[2022.02.15-18.43.42:478][  0]LogShaderCompilers: Display: Started 10 'Local' shader compile jobs with 'High' priority
[2022.02.15-18.43.43:600][  0]LogShaderCompilers: Display: Worker (9/9): shaders left to compile 4170
[2022.02.15-18.43.43:600][  0]LogShaderCompilers: Display: Started 10 'Local' shader compile jobs with 'High' priority
[2022.02.15-18.43.46:966][  0]LogShaderCompilers: Display: Worker (1/9): shaders left to compile 4160
[2022.02.15-18.43.46:966][  0]LogShaderCompilers: Display: Started 10 'Local' shader compile jobs with 'High' priority
[2022.02.15-18.43.47:526][  0]LogShaderCompilers: Display: Worker (6/9): shaders left to compile 4150
[2022.02.15-18.43.47:526][  0]LogShaderCompilers: Display: Started 10 'Local' shader compile jobs with 'High' priority
[2022.02.15-18.43.48:087][  0]LogShaderCompilers: Display: Worker (8/9): shaders left to compile 4140
[2022.02.15-18.43.48:087][  0]LogShaderCompilers: Display: Started 10 'Local' shader compile jobs with 'High' priority
[2022.02.15-18.43.48:087][  0]LogShaderCompilers: Display: Worker (9/9): shaders left to compile 4130
[2022.02.15-18.43.48:087][  0]LogShaderCompilers: Display: Started 10 'Local' shader compile jobs with 'High' priority
[2022.02.15-18.43.48:648][  0]LogShaderCompilers: Display: Worker (3/9): shaders left to compile 4120
[2022.02.15-18.43.48:648][  0]LogShaderCompilers: Display: Started 10 'Local' shader compile jobs with 'High' priority
[2022.02.15-18.43.48:648][  0]LogShaderCompilers: Display: Worker (4/9): shaders left to compile 4110
[2022.02.15-18.43.48:648][  0]LogShaderCompilers: Display: Started 10 'Local' shader compile jobs with 'High' priority
[2022.02.15-18.43.48:648][  0]LogShaderCompilers: Display: Worker (7/9): shaders left to compile 4100
[2022.02.15-18.43.48:648][  0]LogShaderCompilers: Display: Started 10 'Local' shader compile jobs with 'High' priority
[2022.02.15-18.43.52:014][  0]LogShaderCompilers: Display: Worker (2/9): shaders left to compile 4090
[2022.02.15-18.43.52:014][  0]LogShaderCompilers: Display: Started 10 'Local' shader compile jobs with 'High' priority
[2022.02.15-18.43.52:575][  0]LogShaderCompilers: Display: Worker (5/9): shaders left to compile 4080
[2022.02.15-18.43.52:575][  0]LogShaderCompilers: Display: Started 10 'Local' shader compile jobs with 'High' priority
[2022.02.15-18.43.53:697][  0]LogShaderCompilers: Display: Worker (8/9): shaders left to compile 4070
[2022.02.15-18.43.53:697][  0]LogShaderCompilers: Display: Started 10 'Local' shader compile jobs with 'High' priority
[2022.02.15-18.43.54:819][  0]LogShaderCompilers: Display: Worker (3/9): shaders left to compile 4060
[2022.02.15-18.43.54:819][  0]LogShaderCompilers: Display: Started 10 'Local' shader compile jobs with 'High' priority
[2022.02.15-18.43.54:819][  0]LogShaderCompilers: Display: Worker (4/9): shaders left to compile 4050
[2022.02.15-18.43.54:819][  0]LogShaderCompilers: Display: Started 10 'Local' shader compile jobs with 'High' priority
[2022.02.15-18.43.54:819][  0]LogShaderCompilers: Display: Worker (9/9): shaders left to compile 4040
[2022.02.15-18.43.54:819][  0]LogShaderCompilers: Display: Started 10 'Local' shader compile jobs with 'High' priority
[2022.02.15-18.43.55:380][  0]LogShaderCompilers: Display: Worker (7/9): shaders left to compile 4030
[2022.02.15-18.43.55:380][  0]LogShaderCompilers: Display: Started 10 'Local' shader compile jobs with 'High' priority
[2022.02.15-18.43.56:502][  0]LogShaderCompilers: Display: Worker (6/9): shaders left to compile 4020
[2022.02.15-18.43.56:502][  0]LogShaderCompilers: Display: Started 10 'Local' shader compile jobs with 'High' priority
[2022.02.15-18.43.57:624][  0]LogShaderCompilers: Display: Worker (2/9): shaders left to compile 4010
[2022.02.15-18.43.57:624][  0]LogShaderCompilers: Display: Started 10 'Local' shader compile jobs with 'High' priority
[2022.02.15-18.43.58:185][  0]LogShaderCompilers: Display: Worker (1/9): shaders left to compile 4000
[2022.02.15-18.43.58:185][  0]LogShaderCompilers: Display: Started 10 'Local' shader compile jobs with 'High' priority
[2022.02.15-18.43.59:868][  0]LogShaderCompilers: Display: Worker (5/9): shaders left to compile 3990
[2022.02.15-18.43.59:868][  0]LogShaderCompilers: Display: Started 10 'Local' shader compile jobs with 'High' priority
[2022.02.15-18.44.00:429][  0]LogShaderCompilers: Display: Worker (3/9): shaders left to compile 3980
[2022.02.15-18.44.00:429][  0]LogShaderCompilers: Display: Started 10 'Local' shader compile jobs with 'High' priority
[2022.02.15-18.44.02:673][  0]LogShaderCompilers: Display: Worker (2/9): shaders left to compile 3970
[2022.02.15-18.44.02:673][  0]LogShaderCompilers: Display: Started 10 'Local' shader compile jobs with 'High' priority
[2022.02.15-18.44.02:673][  0]LogShaderCompilers: Display: Worker (9/9): shaders left to compile 3960
[2022.02.15-18.44.02:673][  0]LogShaderCompilers: Display: Started 10 'Local' shader compile jobs with 'High' priority
[2022.02.15-18.44.03:795][  0]LogShaderCompilers: Display: Worker (7/9): shaders left to compile 3950
[2022.02.15-18.44.03:795][  0]LogShaderCompilers: Display: Started 10 'Local' shader compile jobs with 'High' priority
[2022.02.15-18.44.04:919][  0]LogShaderCompilers: Display: Worker (8/9): shaders left to compile 3940
[2022.02.15-18.44.04:919][  0]LogShaderCompilers: Display: Started 10 'Local' shader compile jobs with 'High' priority
[2022.02.15-18.44.04:919][  0]LogShaderCompilers: Display: Worker (4/9): shaders left to compile 3930
[2022.02.15-18.44.04:919][  0]LogShaderCompilers: Display: Started 10 'Local' shader compile jobs with 'High' priority
[2022.02.15-18.44.05:481][  0]LogShaderCompilers: Display: Worker (6/9): shaders left to compile 3920
[2022.02.15-18.44.05:481][  0]LogShaderCompilers: Display: Started 10 'Local' shader compile jobs with 'High' priority
[2022.02.15-18.44.07:735][  0]LogShaderCompilers: Display: Worker (3/9): shaders left to compile 3910
[2022.02.15-18.44.07:735][  0]LogShaderCompilers: Display: Started 10 'Local' shader compile jobs with 'High' priority
[2022.02.15-18.44.08:296][  0]LogShaderCompilers: Display: Worker (1/9): shaders left to compile 3900
[2022.02.15-18.44.08:296][  0]LogShaderCompilers: Display: Started 10 'Local' shader compile jobs with 'High' priority
[2022.02.15-18.44.12:223][  0]LogShaderCompilers: Display: Worker (8/9): shaders left to compile 3890
[2022.02.15-18.44.12:223][  0]LogShaderCompilers: Display: Started 10 'Local' shader compile jobs with 'High' priority
[2022.02.15-18.44.12:784][  0]LogShaderCompilers: Display: Worker (2/9): shaders left to compile 3880
[2022.02.15-18.44.12:784][  0]LogShaderCompilers: Display: Started 10 'Local' shader compile jobs with 'High' priority
[2022.02.15-18.44.15:033][  0]LogShaderCompilers: Display: Worker (9/9): shaders left to compile 3870
[2022.02.15-18.44.15:033][  0]LogShaderCompilers: Display: Started 10 'Local' shader compile jobs with 'High' priority
[2022.02.15-18.44.15:594][  0]LogShaderCompilers: Display: Worker (5/9): shaders left to compile 3860
[2022.02.15-18.44.15:594][  0]LogShaderCompilers: Display: Started 10 'Local' shader compile jobs with 'High' priority
[2022.02.15-18.44.22:921][  0]LogShaderCompilers: Display: Worker (3/9): shaders left to compile 3850
[2022.02.15-18.44.22:921][  0]LogShaderCompilers: Display: Started 10 'Local' shader compile jobs with 'High' priority
[2022.02.15-18.44.29:091][  0]LogShaderCompilers: Display: Worker (7/9): shaders left to compile 3840
[2022.02.15-18.44.29:091][  0]LogShaderCompilers: Display: Started 10 'Local' shader compile jobs with 'High' priority
[2022.02.15-18.44.32:457][  0]LogShaderCompilers: Display: Worker (1/9): shaders left to compile 3830
[2022.02.15-18.44.32:457][  0]LogShaderCompilers: Display: Started 10 'Local' shader compile jobs with 'High' priority
[2022.02.15-18.44.34:140][  0]LogShaderCompilers: Display: Worker (4/9): shaders left to compile 3820
[2022.02.15-18.44.34:140][  0]LogShaderCompilers: Display: Started 10 'Local' shader compile jobs with 'High' priority
[2022.02.15-18.44.34:140][  0]LogShaderCompilers: Display: Worker (2/9): shaders left to compile 3810
[2022.02.15-18.44.34:140][  0]LogShaderCompilers: Display: Started 10 'Local' shader compile jobs with 'High' priority
[2022.02.15-18.44.34:701][  0]LogShaderCompilers: Display: Worker (9/9): shaders left to compile 3800
[2022.02.15-18.44.34:701][  0]LogShaderCompilers: Display: Started 10 'Local' shader compile jobs with 'High' priority
[2022.02.15-18.44.35:262][  0]LogShaderCompilers: Display: Worker (6/9): shaders left to compile 3790
[2022.02.15-18.44.35:262][  0]LogShaderCompilers: Display: Started 10 'Local' shader compile jobs with 'High' priority
[2022.02.15-18.44.35:823][  0]LogShaderCompilers: Display: Worker (8/9): shaders left to compile 3780
[2022.02.15-18.44.35:823][  0]LogShaderCompilers: Display: Started 10 'Local' shader compile jobs with 'High' priority
[2022.02.15-18.44.39:189][  0]LogShaderCompilers: Display: Worker (3/9): shaders left to compile 3770
[2022.02.15-18.44.39:189][  0]LogShaderCompilers: Display: Started 10 'Local' shader compile jobs with 'High' priority
[2022.02.15-18.44.41:996][  0]LogShaderCompilers: Display: Worker (5/9): shaders left to compile 3760
[2022.02.15-18.44.41:996][  0]LogShaderCompilers: Display: Started 10 'Local' shader compile jobs with 'High' priority
[2022.02.15-18.44.44:249][  0]LogShaderCompilers: Display: Worker (7/9): shaders left to compile 3750
[2022.02.15-18.44.44:249][  0]LogShaderCompilers: Display: Started 10 'Local' shader compile jobs with 'High' priority
[2022.02.15-18.44.45:933][  0]LogShaderCompilers: Display: Worker (2/9): shaders left to compile 3740
[2022.02.15-18.44.45:933][  0]LogShaderCompilers: Display: Started 10 'Local' shader compile jobs with 'High' priority
[2022.02.15-18.44.52:669][  0]LogShaderCompilers: Display: Worker (1/9): shaders left to compile 3730
[2022.02.15-18.44.52:669][  0]LogShaderCompilers: Display: Started 10 'Local' shader compile jobs with 'High' priority
[2022.02.15-18.44.54:913][  0]LogShaderCompilers: Display: Worker (9/9): shaders left to compile 3720
[2022.02.15-18.44.54:913][  0]LogShaderCompilers: Display: Started 10 'Local' shader compile jobs with 'High' priority
[2022.02.15-18.44.55:480][  0]LogShaderCompilers: Display: Worker (8/9): shaders left to compile 3710
[2022.02.15-18.44.55:480][  0]LogShaderCompilers: Display: Started 10 'Local' shader compile jobs with 'High' priority
[2022.02.15-18.44.55:480][  0]LogShaderCompilers: Display: Worker (5/9): shaders left to compile 3700
[2022.02.15-18.44.55:480][  0]LogShaderCompilers: Display: Started 10 'Local' shader compile jobs with 'High' priority
[2022.02.15-18.44.56:044][  0]LogShaderCompilers: Display: Worker (7/9): shaders left to compile 3690
[2022.02.15-18.44.56:044][  0]LogShaderCompilers: Display: Started 10 'Local' shader compile jobs with 'High' priority
[2022.02.15-18.44.59:413][  0]LogShaderCompilers: Display: Worker (2/9): shaders left to compile 3680
[2022.02.15-18.44.59:413][  0]LogShaderCompilers: Display: Started 10 'Local' shader compile jobs with 'High' priority
[2022.02.15-18.44.59:974][  0]LogShaderCompilers: Display: Worker (4/9): shaders left to compile 3670
[2022.02.15-18.44.59:974][  0]LogShaderCompilers: Display: Started 10 'Local' shader compile jobs with 'High' priority
[2022.02.15-18.45.00:535][  0]LogShaderCompilers: Display: Worker (6/9): shaders left to compile 3660
[2022.02.15-18.45.00:535][  0]LogShaderCompilers: Display: Started 10 'Local' shader compile jobs with 'High' priority
[2022.02.15-18.45.01:104][  0]LogShaderCompilers: Display: Worker (3/9): shaders left to compile 3650
[2022.02.15-18.45.01:104][  0]LogShaderCompilers: Display: Started 10 'Local' shader compile jobs with 'High' priority
[2022.02.15-18.45.09:827][  0]LogShaderCompilers: Display: Worker (1/9): shaders left to compile 3640
[2022.02.15-18.45.09:827][  0]LogShaderCompilers: Display: Started 10 'Local' shader compile jobs with 'High' priority
[2022.02.15-18.45.12:641][  0]LogShaderCompilers: Display: Worker (8/9): shaders left to compile 3630
[2022.02.15-18.45.12:641][  0]LogShaderCompilers: Display: Started 10 'Local' shader compile jobs with 'High' priority
[2022.02.15-18.45.14:885][  0]LogShaderCompilers: Display: Worker (7/9): shaders left to compile 3620
[2022.02.15-18.45.14:885][  0]LogShaderCompilers: Display: Started 10 'Local' shader compile jobs with 'High' priority
[2022.02.15-18.45.18:251][  0]LogShaderCompilers: Display: Worker (9/9): shaders left to compile 3610
[2022.02.15-18.45.18:251][  0]LogShaderCompilers: Display: Started 10 'Local' shader compile jobs with 'High' priority
[2022.02.15-18.45.18:812][  0]LogShaderCompilers: Display: Worker (5/9): shaders left to compile 3600
[2022.02.15-18.45.18:812][  0]LogShaderCompilers: Display: Started 10 'Local' shader compile jobs with 'High' priority
[2022.02.15-18.45.21:058][  0]LogShaderCompilers: Display: Worker (4/9): shaders left to compile 3590
[2022.02.15-18.45.21:058][  0]LogShaderCompilers: Display: Started 10 'Local' shader compile jobs with 'High' priority
[2022.02.15-18.45.23:301][  0]LogShaderCompilers: Display: Worker (8/9): shaders left to compile 3580
[2022.02.15-18.45.23:301][  0]LogShaderCompilers: Display: Started 10 'Local' shader compile jobs with 'High' priority
[2022.02.15-18.45.25:545][  0]LogShaderCompilers: Display: Worker (6/9): shaders left to compile 3570
[2022.02.15-18.45.25:545][  0]LogShaderCompilers: Display: Started 10 'Local' shader compile jobs with 'High' priority
[2022.02.15-18.45.25:545][  0]LogShaderCompilers: Display: Worker (3/9): shaders left to compile 3560
[2022.02.15-18.45.25:545][  0]LogShaderCompilers: Display: Started 10 'Local' shader compile jobs with 'High' priority
[2022.02.15-18.45.29:472][  0]LogShaderCompilers: Display: Worker (2/9): shaders left to compile 3550
[2022.02.15-18.45.29:472][  0]LogShaderCompilers: Display: Started 10 'Local' shader compile jobs with 'High' priority
[2022.02.15-18.45.30:033][  0]LogShaderCompilers: Display: Worker (7/9): shaders left to compile 3540
[2022.02.15-18.45.30:033][  0]LogShaderCompilers: Display: Started 10 'Local' shader compile jobs with 'High' priority
[2022.02.15-18.45.31:720][  0]LogShaderCompilers: Display: Worker (1/9): shaders left to compile 3530
[2022.02.15-18.45.31:720][  0]LogShaderCompilers: Display: Started 10 'Local' shader compile jobs with 'High' priority
[2022.02.15-18.45.35:089][  0]LogShaderCompilers: Display: Worker (4/9): shaders left to compile 3520
[2022.02.15-18.45.35:089][  0]LogShaderCompilers: Display: Started 10 'Local' shader compile jobs with 'High' priority
[2022.02.15-18.45.35:650][  0]LogShaderCompilers: Display: Worker (9/9): shaders left to compile 3510
[2022.02.15-18.45.35:650][  0]LogShaderCompilers: Display: Started 10 'Local' shader compile jobs with 'High' priority
[2022.02.15-18.45.35:650][  0]LogShaderCompilers: Display: Worker (3/9): shaders left to compile 3500
[2022.02.15-18.45.35:650][  0]LogShaderCompilers: Display: Started 10 'Local' shader compile jobs with 'High' priority
[2022.02.15-18.45.35:650][  0]LogShaderCompilers: Display: Worker (6/9): shaders left to compile 3490
[2022.02.15-18.45.35:650][  0]LogShaderCompilers: Display: Started 10 'Local' shader compile jobs with 'High' priority
[2022.02.15-18.45.36:772][  0]LogShaderCompilers: Display: Worker (2/9): shaders left to compile 3480
[2022.02.15-18.45.36:772][  0]LogShaderCompilers: Display: Started 10 'Local' shader compile jobs with 'High' priority
[2022.02.15-18.45.36:772][  0]LogShaderCompilers: Display: Worker (8/9): shaders left to compile 3470
[2022.02.15-18.45.36:772][  0]LogShaderCompilers: Display: Started 10 'Local' shader compile jobs with 'High' priority
[2022.02.15-18.45.38:455][  0]LogShaderCompilers: Display: Worker (1/9): shaders left to compile 3460
[2022.02.15-18.45.38:455][  0]LogShaderCompilers: Display: Started 10 'Local' shader compile jobs with 'High' priority
[2022.02.15-18.45.38:455][  0]LogShaderCompilers: Display: Worker (5/9): shaders left to compile 3450
[2022.02.15-18.45.38:455][  0]LogShaderCompilers: Display: Started 10 'Local' shader compile jobs with 'High' priority
[2022.02.15-18.45.39:016][  0]LogShaderCompilers: Display: Worker (7/9): shaders left to compile 3440
[2022.02.15-18.45.39:016][  0]LogShaderCompilers: Display: Started 10 'Local' shader compile jobs with 'High' priority
[2022.02.15-18.45.42:383][  0]LogShaderCompilers: Display: Worker (4/9): shaders left to compile 3430
[2022.02.15-18.45.42:383][  0]LogShaderCompilers: Display: Started 10 'Local' shader compile jobs with 'High' priority
[2022.02.15-18.45.42:383][  0]LogShaderCompilers: Display: Worker (3/9): shaders left to compile 3420
[2022.02.15-18.45.42:383][  0]LogShaderCompilers: Display: Started 10 'Local' shader compile jobs with 'High' priority
[2022.02.15-18.45.44:066][  0]LogShaderCompilers: Display: Worker (9/9): shaders left to compile 3410
[2022.02.15-18.45.44:066][  0]LogShaderCompilers: Display: Started 10 'Local' shader compile jobs with 'High' priority
[2022.02.15-18.45.44:627][  0]LogShaderCompilers: Display: Worker (6/9): shaders left to compile 3400
[2022.02.15-18.45.44:627][  0]LogShaderCompilers: Display: Started 10 'Local' shader compile jobs with 'High' priority
[2022.02.15-18.45.44:627][  0]LogShaderCompilers: Display: Worker (2/9): shaders left to compile 3390
[2022.02.15-18.45.44:627][  0]LogShaderCompilers: Display: Started 10 'Local' shader compile jobs with 'High' priority
[2022.02.15-18.45.44:627][  0]LogShaderCompilers: Display: Worker (5/9): shaders left to compile 3380
[2022.02.15-18.45.44:627][  0]LogShaderCompilers: Display: Started 10 'Local' shader compile jobs with 'High' priority
[2022.02.15-18.45.45:188][  0]LogShaderCompilers: Display: Worker (8/9): shaders left to compile 3370
[2022.02.15-18.45.45:188][  0]LogShaderCompilers: Display: Started 10 'Local' shader compile jobs with 'High' priority
[2022.02.15-18.45.45:188][  0]LogShaderCompilers: Display: Worker (1/9): shaders left to compile 3360
[2022.02.15-18.45.45:188][  0]LogShaderCompilers: Display: Started 10 'Local' shader compile jobs with 'High' priority
[2022.02.15-18.45.46:310][  0]LogShaderCompilers: Display: Worker (7/9): shaders left to compile 3350
[2022.02.15-18.45.46:310][  0]LogShaderCompilers: Display: Started 10 'Local' shader compile jobs with 'High' priority
[2022.02.15-18.45.47:993][  0]LogShaderCompilers: Display: Worker (4/9): shaders left to compile 3340
[2022.02.15-18.45.47:993][  0]LogShaderCompilers: Display: Started 10 'Local' shader compile jobs with 'High' priority
[2022.02.15-18.45.49:115][  0]LogShaderCompilers: Display: Worker (3/9): shaders left to compile 3330
[2022.02.15-18.45.49:115][  0]LogShaderCompilers: Display: Started 10 'Local' shader compile jobs with 'High' priority
[2022.02.15-18.45.49:115][  0]LogShaderCompilers: Display: Worker (9/9): shaders left to compile 3320
[2022.02.15-18.45.49:115][  0]LogShaderCompilers: Display: Started 10 'Local' shader compile jobs with 'High' priority
[2022.02.15-18.45.53:603][  0]LogShaderCompilers: Display: Worker (2/9): shaders left to compile 3310
[2022.02.15-18.45.53:603][  0]LogShaderCompilers: Display: Worker (5/9): shaders left to compile 3300
[2022.02.15-18.45.53:603][  0]LogShaderCompilers: Display: Worker (7/9): shaders left to compile 3290
[2022.02.15-18.45.53:603][  0]LogShaderCompilers: Display: Started 30 'Local' shader compile jobs with 'High' priority
[2022.02.15-18.45.55:286][  0]LogShaderCompilers: Display: Worker (3/9): shaders left to compile 3280
[2022.02.15-18.45.55:286][  0]LogShaderCompilers: Display: Started 10 'Local' shader compile jobs with 'High' priority
[2022.02.15-18.45.56:408][  0]LogShaderCompilers: Display: Worker (4/9): shaders left to compile 3270
[2022.02.15-18.45.56:408][  0]LogShaderCompilers: Display: Started 10 'Local' shader compile jobs with 'High' priority
[2022.02.15-18.45.56:408][  0]LogShaderCompilers: Display: Worker (6/9): shaders left to compile 3260
[2022.02.15-18.45.56:408][  0]LogShaderCompilers: Display: Started 10 'Local' shader compile jobs with 'High' priority
[2022.02.15-18.45.56:969][  0]LogShaderCompilers: Display: Worker (1/9): shaders left to compile 3250
[2022.02.15-18.45.56:969][  0]LogShaderCompilers: Display: Started 10 'Local' shader compile jobs with 'High' priority
[2022.02.15-18.45.57:530][  0]LogShaderCompilers: Display: Worker (8/9): shaders left to compile 3240
[2022.02.15-18.45.57:530][  0]LogShaderCompilers: Display: Started 10 'Local' shader compile jobs with 'High' priority
[2022.02.15-18.45.58:091][  0]LogShaderCompilers: Display: Worker (9/9): shaders left to compile 3230
[2022.02.15-18.45.58:091][  0]LogShaderCompilers: Display: Started 10 'Local' shader compile jobs with 'High' priority
[2022.02.15-18.46.00:335][  0]LogShaderCompilers: Display: Worker (2/9): shaders left to compile 3220
[2022.02.15-18.46.00:335][  0]LogShaderCompilers: Display: Started 10 'Local' shader compile jobs with 'High' priority
[2022.02.15-18.46.00:896][  0]LogShaderCompilers: Display: Worker (7/9): shaders left to compile 3210
[2022.02.15-18.46.00:896][  0]LogShaderCompilers: Display: Started 10 'Local' shader compile jobs with 'High' priority
[2022.02.15-18.46.03:141][  0]LogShaderCompilers: Display: Worker (5/9): shaders left to compile 3200
[2022.02.15-18.46.03:141][  0]LogShaderCompilers: Display: Started 10 'Local' shader compile jobs with 'High' priority
[2022.02.15-18.46.03:702][  0]LogShaderCompilers: Display: Worker (4/9): shaders left to compile 3190
[2022.02.15-18.46.03:702][  0]LogShaderCompilers: Display: Started 10 'Local' shader compile jobs with 'High' priority
[2022.02.15-18.46.03:702][  0]LogShaderCompilers: Display: Worker (1/9): shaders left to compile 3180
[2022.02.15-18.46.03:702][  0]LogShaderCompilers: Display: Started 10 'Local' shader compile jobs with 'High' priority
[2022.02.15-18.46.05:386][  0]LogShaderCompilers: Display: Worker (3/9): shaders left to compile 3170
[2022.02.15-18.46.05:386][  0]LogShaderCompilers: Display: Started 10 'Local' shader compile jobs with 'High' priority
[2022.02.15-18.46.05:947][  0]LogShaderCompilers: Display: Worker (6/9): shaders left to compile 3160
[2022.02.15-18.46.05:947][  0]LogShaderCompilers: Display: Started 10 'Local' shader compile jobs with 'High' priority
[2022.02.15-18.46.12:119][  0]LogShaderCompilers: Display: Worker (9/9): shaders left to compile 3150
[2022.02.15-18.46.12:119][  0]LogShaderCompilers: Display: Started 10 'Local' shader compile jobs with 'High' priority
[2022.02.15-18.46.13:241][  0]LogShaderCompilers: Display: Worker (4/9): shaders left to compile 3140
[2022.02.15-18.46.13:241][  0]LogShaderCompilers: Display: Started 10 'Local' shader compile jobs with 'High' priority
[2022.02.15-18.46.14:362][  0]LogShaderCompilers: Display: Worker (1/9): shaders left to compile 3130
[2022.02.15-18.46.14:362][  0]LogShaderCompilers: Display: Started 10 'Local' shader compile jobs with 'High' priority
[2022.02.15-18.46.14:362][  0]LogShaderCompilers: Display: Worker (5/9): shaders left to compile 3120
[2022.02.15-18.46.14:362][  0]LogShaderCompilers: Display: Started 10 'Local' shader compile jobs with 'High' priority
[2022.02.15-18.46.14:923][  0]LogShaderCompilers: Display: Worker (3/9): shaders left to compile 3110
[2022.02.15-18.46.14:923][  0]LogShaderCompilers: Display: Started 10 'Local' shader compile jobs with 'High' priority
[2022.02.15-18.46.18:306][  0]LogShaderCompilers: Display: Worker (2/9): shaders left to compile 3100
[2022.02.15-18.46.18:306][  0]LogShaderCompilers: Display: Started 10 'Local' shader compile jobs with 'High' priority
[2022.02.15-18.46.20:551][  0]LogShaderCompilers: Display: Worker (6/9): shaders left to compile 3090
[2022.02.15-18.46.20:551][  0]LogShaderCompilers: Display: Worker (7/9): shaders left to compile 3080
[2022.02.15-18.46.20:551][  0]LogShaderCompilers: Display: Started 20 'Local' shader compile jobs with 'High' priority
[2022.02.15-18.46.20:551][  0]LogShaderCompilers: Display: Worker (8/9): shaders left to compile 3070
[2022.02.15-18.46.20:551][  0]LogShaderCompilers: Display: Started 10 'Local' shader compile jobs with 'High' priority
[2022.02.15-18.46.21:673][  0]LogShaderCompilers: Display: Worker (9/9): shaders left to compile 3060
[2022.02.15-18.46.21:673][  0]LogShaderCompilers: Display: Started 10 'Local' shader compile jobs with 'High' priority
[2022.02.15-18.46.22:795][  0]LogShaderCompilers: Display: Worker (4/9): shaders left to compile 3050
[2022.02.15-18.46.22:795][  0]LogShaderCompilers: Display: Started 10 'Local' shader compile jobs with 'High' priority
[2022.02.15-18.46.28:966][  0]LogShaderCompilers: Display: Worker (3/9): shaders left to compile 3040
[2022.02.15-18.46.28:966][  0]LogShaderCompilers: Display: Started 10 'Local' shader compile jobs with 'High' priority
[2022.02.15-18.46.28:966][  0]LogShaderCompilers: Display: Worker (1/9): shaders left to compile 3030
[2022.02.15-18.46.28:966][  0]LogShaderCompilers: Display: Started 10 'Local' shader compile jobs with 'High' priority
